{"C:\\Study\\RS_school_REACT\\React2024Q3\\src\\components\\DetailsCard\\DetailsCard.tsx": {"path":"C:\\Study\\RS_school_REACT\\React2024Q3\\src\\components\\DetailsCard\\DetailsCard.tsx","statementMap":{"0":{"start":{"line":2,"column":0},"end":{"line":2,"column":null}},"1":{"start":{"line":4,"column":0},"end":{"line":4,"column":null}},"2":{"start":{"line":5,"column":0},"end":{"line":5,"column":null}},"3":{"start":{"line":7,"column":30},"end":{"line":54,"column":1}},"4":{"start":{"line":8,"column":16},"end":{"line":8,"column":27}},"5":{"start":{"line":9,"column":23},"end":{"line":9,"column":85}},"6":{"start":{"line":9,"column":57},"end":{"line":9,"column":84}},"7":{"start":{"line":10,"column":17},"end":{"line":10,"column":42}},"8":{"start":{"line":12,"column":1},"end":{"line":14,"column":null}},"9":{"start":{"line":13,"column":2},"end":{"line":13,"column":null}},"10":{"start":{"line":16,"column":1},"end":{"line":18,"column":null}},"11":{"start":{"line":17,"column":2},"end":{"line":17,"column":null}},"12":{"start":{"line":20,"column":1},"end":{"line":52,"column":null}},"13":{"start":{"line":22,"column":26},"end":{"line":22,"column":42}},"14":{"start":{"line":56,"column":0},"end":{"line":56,"column":null}}},"fnMap":{"0":{"name":"(anonymous_1)","decl":{"start":{"line":7,"column":30},"end":{"line":7,"column":35}},"loc":{"start":{"line":7,"column":35},"end":{"line":54,"column":1}}},"1":{"name":"(anonymous_2)","decl":{"start":{"line":9,"column":36},"end":{"line":9,"column":52}},"loc":{"start":{"line":9,"column":57},"end":{"line":9,"column":84}}},"2":{"name":"(anonymous_3)","decl":{"start":{"line":22,"column":20},"end":{"line":22,"column":26}},"loc":{"start":{"line":22,"column":26},"end":{"line":22,"column":42}}}},"branchMap":{"0":{"loc":{"start":{"line":12,"column":1},"end":{"line":14,"column":null}},"type":"if","locations":[{"start":{"line":12,"column":1},"end":{"line":14,"column":null}}]},"1":{"loc":{"start":{"line":16,"column":1},"end":{"line":18,"column":null}},"type":"if","locations":[{"start":{"line":16,"column":1},"end":{"line":18,"column":null}}]},"2":{"loc":{"start":{"line":23,"column":4},"end":{"line":49,"column":null}},"type":"binary-expr","locations":[{"start":{"line":23,"column":4},"end":{"line":23,"column":17}},{"start":{"line":24,"column":4},"end":{"line":49,"column":null}}]}},"s":{"0":0,"1":0,"2":0,"3":0,"4":0,"5":0,"6":0,"7":0,"8":0,"9":0,"10":0,"11":0,"12":0,"13":0,"14":0},"f":{"0":0,"1":0,"2":0},"b":{"0":[0],"1":[0],"2":[0,0]}}
,"C:\\Study\\RS_school_REACT\\React2024Q3\\src\\components\\ErrorBoundary\\ErrorBoundary.tsx": {"path":"C:\\Study\\RS_school_REACT\\React2024Q3\\src\\components\\ErrorBoundary\\ErrorBoundary.tsx","statementMap":{"0":{"start":{"line":1,"column":0},"end":{"line":1,"column":null}},"1":{"start":{"line":2,"column":0},"end":{"line":2,"column":null}},"2":{"start":{"line":13,"column":2},"end":{"line":13,"column":null}},"3":{"start":{"line":14,"column":2},"end":{"line":14,"column":null}},"4":{"start":{"line":18,"column":2},"end":{"line":18,"column":null}},"5":{"start":{"line":21,"column":2},"end":{"line":24,"column":null}},"6":{"start":{"line":27,"column":2},"end":{"line":27,"column":null}},"7":{"start":{"line":30,"column":2},"end":{"line":39,"column":null}},"8":{"start":{"line":31,"column":3},"end":{"line":37,"column":null}},"9":{"start":{"line":40,"column":2},"end":{"line":40,"column":null}},"10":{"start":{"line":43,"column":0},"end":{"line":43,"column":null}}},"fnMap":{"0":{"name":"(anonymous_1)","decl":{"start":{"line":12,"column":1},"end":{"line":12,"column":13}},"loc":{"start":{"line":12,"column":25},"end":{"line":15,"column":null}}},"1":{"name":"(anonymous_2)","decl":{"start":{"line":17,"column":1},"end":{"line":17,"column":8}},"loc":{"start":{"line":17,"column":45},"end":{"line":19,"column":null}}},"2":{"name":"(anonymous_3)","decl":{"start":{"line":20,"column":1},"end":{"line":20,"column":18}},"loc":{"start":{"line":20,"column":53},"end":{"line":25,"column":null}}},"3":{"name":"(anonymous_4)","decl":{"start":{"line":26,"column":1},"end":{"line":26,"column":11}},"loc":{"start":{"line":26,"column":11},"end":{"line":28,"column":null}}},"4":{"name":"(anonymous_5)","decl":{"start":{"line":29,"column":1},"end":{"line":29,"column":7}},"loc":{"start":{"line":29,"column":7},"end":{"line":41,"column":null}}}},"branchMap":{"0":{"loc":{"start":{"line":30,"column":2},"end":{"line":39,"column":null}},"type":"if","locations":[{"start":{"line":30,"column":2},"end":{"line":39,"column":null}}]}},"s":{"0":1,"1":1,"2":6,"3":5,"4":4,"5":2,"6":1,"7":11,"8":6,"9":5,"10":1},"f":{"0":6,"1":4,"2":2,"3":1,"4":11},"b":{"0":[6]}}
,"C:\\Study\\RS_school_REACT\\React2024Q3\\src\\components\\Flyout\\Flyout.tsx": {"path":"C:\\Study\\RS_school_REACT\\React2024Q3\\src\\components\\Flyout\\Flyout.tsx","statementMap":{"0":{"start":{"line":1,"column":0},"end":{"line":1,"column":null}},"1":{"start":{"line":2,"column":0},"end":{"line":2,"column":null}},"2":{"start":{"line":4,"column":0},"end":{"line":4,"column":null}},"3":{"start":{"line":5,"column":0},"end":{"line":5,"column":null}},"4":{"start":{"line":6,"column":0},"end":{"line":6,"column":null}},"5":{"start":{"line":7,"column":0},"end":{"line":7,"column":null}},"6":{"start":{"line":9,"column":25},"end":{"line":53,"column":1}},"7":{"start":{"line":10,"column":23},"end":{"line":10,"column":85}},"8":{"start":{"line":10,"column":57},"end":{"line":10,"column":84}},"9":{"start":{"line":11,"column":18},"end":{"line":11,"column":31}},"10":{"start":{"line":12,"column":23},"end":{"line":12,"column":56}},"11":{"start":{"line":13,"column":39},"end":{"line":13,"column":68}},"12":{"start":{"line":14,"column":19},"end":{"line":14,"column":29}},"13":{"start":{"line":15,"column":27},"end":{"line":17,"column":2}},"14":{"start":{"line":16,"column":2},"end":{"line":16,"column":null}},"15":{"start":{"line":16,"column":47},"end":{"line":16,"column":75}},"16":{"start":{"line":19,"column":1},"end":{"line":30,"column":null}},"17":{"start":{"line":20,"column":2},"end":{"line":29,"column":null}},"18":{"start":{"line":21,"column":15},"end":{"line":21,"column":56}},"19":{"start":{"line":22,"column":3},"end":{"line":22,"column":null}},"20":{"start":{"line":24,"column":3},"end":{"line":26,"column":null}},"21":{"start":{"line":25,"column":4},"end":{"line":25,"column":null}},"22":{"start":{"line":28,"column":3},"end":{"line":28,"column":null}},"23":{"start":{"line":32,"column":1},"end":{"line":34,"column":null}},"24":{"start":{"line":33,"column":2},"end":{"line":33,"column":null}},"25":{"start":{"line":36,"column":1},"end":{"line":51,"column":null}},"26":{"start":{"line":55,"column":0},"end":{"line":55,"column":null}}},"fnMap":{"0":{"name":"(anonymous_1)","decl":{"start":{"line":9,"column":25},"end":{"line":9,"column":30}},"loc":{"start":{"line":9,"column":30},"end":{"line":53,"column":1}}},"1":{"name":"(anonymous_2)","decl":{"start":{"line":10,"column":36},"end":{"line":10,"column":52}},"loc":{"start":{"line":10,"column":57},"end":{"line":10,"column":84}}},"2":{"name":"(anonymous_3)","decl":{"start":{"line":15,"column":27},"end":{"line":15,"column":32}},"loc":{"start":{"line":15,"column":32},"end":{"line":17,"column":2}}},"3":{"name":"(anonymous_4)","decl":{"start":{"line":16,"column":38},"end":{"line":16,"column":42}},"loc":{"start":{"line":16,"column":47},"end":{"line":16,"column":75}}},"4":{"name":"(anonymous_5)","decl":{"start":{"line":19,"column":11},"end":{"line":19,"column":16}},"loc":{"start":{"line":19,"column":16},"end":{"line":30,"column":2}}},"5":{"name":"(anonymous_6)","decl":{"start":{"line":24,"column":10},"end":{"line":24,"column":15}},"loc":{"start":{"line":24,"column":15},"end":{"line":26,"column":4}}}},"branchMap":{"0":{"loc":{"start":{"line":20,"column":2},"end":{"line":29,"column":null}},"type":"if","locations":[{"start":{"line":20,"column":2},"end":{"line":29,"column":null}},{"start":{"line":27,"column":9},"end":{"line":29,"column":null}}]},"1":{"loc":{"start":{"line":32,"column":1},"end":{"line":34,"column":null}},"type":"if","locations":[{"start":{"line":32,"column":1},"end":{"line":34,"column":null}}]},"2":{"loc":{"start":{"line":37,"column":38},"end":{"line":37,"column":93}},"type":"cond-expr","locations":[{"start":{"line":37,"column":57},"end":{"line":37,"column":73}},{"start":{"line":37,"column":76},"end":{"line":37,"column":93}}]},"3":{"loc":{"start":{"line":42,"column":4},"end":{"line":46,"column":null}},"type":"binary-expr","locations":[{"start":{"line":42,"column":4},"end":{"line":42,"column":15}},{"start":{"line":43,"column":4},"end":{"line":46,"column":null}}]}},"s":{"0":1,"1":1,"2":1,"3":1,"4":1,"5":1,"6":1,"7":9,"8":15,"9":9,"10":9,"11":9,"12":9,"13":9,"14":1,"15":2,"16":9,"17":5,"18":3,"19":3,"20":3,"21":3,"22":2,"23":9,"24":3,"25":6,"26":1},"f":{"0":9,"1":15,"2":1,"3":2,"4":5,"5":3},"b":{"0":[3,2],"1":[3],"2":[0,6],"3":[6,3]}}
,"C:\\Study\\RS_school_REACT\\React2024Q3\\src\\components\\MainPage\\MainPage.tsx": {"path":"C:\\Study\\RS_school_REACT\\React2024Q3\\src\\components\\MainPage\\MainPage.tsx","statementMap":{"0":{"start":{"line":1,"column":0},"end":{"line":1,"column":null}},"1":{"start":{"line":2,"column":0},"end":{"line":2,"column":null}},"2":{"start":{"line":3,"column":0},"end":{"line":3,"column":null}},"3":{"start":{"line":4,"column":0},"end":{"line":4,"column":null}},"4":{"start":{"line":5,"column":0},"end":{"line":5,"column":null}},"5":{"start":{"line":6,"column":0},"end":{"line":6,"column":null}},"6":{"start":{"line":7,"column":0},"end":{"line":7,"column":null}},"7":{"start":{"line":8,"column":0},"end":{"line":8,"column":null}},"8":{"start":{"line":9,"column":0},"end":{"line":9,"column":null}},"9":{"start":{"line":10,"column":0},"end":{"line":10,"column":null}},"10":{"start":{"line":18,"column":36},"end":{"line":86,"column":1}},"11":{"start":{"line":19,"column":37},"end":{"line":19,"column":70}},"12":{"start":{"line":20,"column":39},"end":{"line":20,"column":63}},"13":{"start":{"line":21,"column":19},"end":{"line":21,"column":29}},"14":{"start":{"line":22,"column":16},"end":{"line":22,"column":27}},"15":{"start":{"line":23,"column":37},"end":{"line":23,"column":66}},"16":{"start":{"line":25,"column":1},"end":{"line":34,"column":null}},"17":{"start":{"line":26,"column":17},"end":{"line":26,"column":29}},"18":{"start":{"line":27,"column":2},"end":{"line":33,"column":null}},"19":{"start":{"line":28,"column":3},"end":{"line":28,"column":null}},"20":{"start":{"line":29,"column":3},"end":{"line":29,"column":null}},"21":{"start":{"line":31,"column":3},"end":{"line":31,"column":null}},"22":{"start":{"line":32,"column":3},"end":{"line":32,"column":null}},"23":{"start":{"line":36,"column":28},"end":{"line":46,"column":2}},"24":{"start":{"line":37,"column":2},"end":{"line":45,"column":null}},"25":{"start":{"line":38,"column":28},"end":{"line":38,"column":40}},"26":{"start":{"line":39,"column":3},"end":{"line":42,"column":null}},"27":{"start":{"line":43,"column":3},"end":{"line":43,"column":null}},"28":{"start":{"line":44,"column":3},"end":{"line":44,"column":null}},"29":{"start":{"line":47,"column":26},"end":{"line":53,"column":2}},"30":{"start":{"line":48,"column":2},"end":{"line":51,"column":null}},"31":{"start":{"line":54,"column":1},"end":{"line":84,"column":null}},"32":{"start":{"line":87,"column":0},"end":{"line":87,"column":null}}},"fnMap":{"0":{"name":"(anonymous_1)","decl":{"start":{"line":18,"column":36},"end":{"line":18,"column":37}},"loc":{"start":{"line":18,"column":86},"end":{"line":86,"column":1}}},"1":{"name":"(anonymous_2)","decl":{"start":{"line":25,"column":11},"end":{"line":25,"column":16}},"loc":{"start":{"line":25,"column":16},"end":{"line":34,"column":2}}},"2":{"name":"(anonymous_3)","decl":{"start":{"line":36,"column":28},"end":{"line":36,"column":33}},"loc":{"start":{"line":36,"column":33},"end":{"line":46,"column":2}}},"3":{"name":"(anonymous_4)","decl":{"start":{"line":47,"column":26},"end":{"line":47,"column":40}},"loc":{"start":{"line":47,"column":44},"end":{"line":53,"column":2}}}},"branchMap":{"0":{"loc":{"start":{"line":27,"column":2},"end":{"line":33,"column":null}},"type":"if","locations":[{"start":{"line":27,"column":2},"end":{"line":33,"column":null}},{"start":{"line":30,"column":9},"end":{"line":33,"column":null}}]},"1":{"loc":{"start":{"line":37,"column":2},"end":{"line":45,"column":null}},"type":"if","locations":[{"start":{"line":37,"column":2},"end":{"line":45,"column":null}}]},"2":{"loc":{"start":{"line":50,"column":20},"end":{"line":50,"column":45}},"type":"binary-expr","locations":[{"start":{"line":50,"column":20},"end":{"line":50,"column":39}},{"start":{"line":50,"column":43},"end":{"line":50,"column":45}}]},"3":{"loc":{"start":{"line":50,"column":53},"end":{"line":50,"column":77}},"type":"binary-expr","locations":[{"start":{"line":50,"column":53},"end":{"line":50,"column":70}},{"start":{"line":50,"column":74},"end":{"line":50,"column":77}}]},"4":{"loc":{"start":{"line":56,"column":36},"end":{"line":56,"column":108}},"type":"cond-expr","locations":[{"start":{"line":56,"column":56},"end":{"line":56,"column":81}},{"start":{"line":56,"column":84},"end":{"line":56,"column":108}}]},"5":{"loc":{"start":{"line":58,"column":44},"end":{"line":58,"column":87}},"type":"cond-expr","locations":[{"start":{"line":58,"column":58},"end":{"line":58,"column":82}},{"start":{"line":58,"column":85},"end":{"line":58,"column":87}}]},"6":{"loc":{"start":{"line":60,"column":40},"end":{"line":60,"column":116}},"type":"cond-expr","locations":[{"start":{"line":60,"column":60},"end":{"line":60,"column":87}},{"start":{"line":60,"column":90},"end":{"line":60,"column":116}}]},"7":{"loc":{"start":{"line":76,"column":4},"end":{"line":80,"column":null}},"type":"binary-expr","locations":[{"start":{"line":76,"column":4},"end":{"line":76,"column":15}},{"start":{"line":76,"column":19},"end":{"line":76,"column":29}},{"start":{"line":77,"column":4},"end":{"line":80,"column":null}}]},"8":{"loc":{"start":{"line":78,"column":42},"end":{"line":78,"column":122}},"type":"cond-expr","locations":[{"start":{"line":78,"column":62},"end":{"line":78,"column":91}},{"start":{"line":78,"column":94},"end":{"line":78,"column":122}}]}},"s":{"0":0,"1":0,"2":0,"3":0,"4":0,"5":0,"6":0,"7":0,"8":0,"9":0,"10":0,"11":0,"12":0,"13":0,"14":0,"15":0,"16":0,"17":0,"18":0,"19":0,"20":0,"21":0,"22":0,"23":0,"24":0,"25":0,"26":0,"27":0,"28":0,"29":0,"30":0,"31":0,"32":0},"f":{"0":0,"1":0,"2":0,"3":0},"b":{"0":[0,0],"1":[0],"2":[0,0],"3":[0,0],"4":[0,0],"5":[0,0],"6":[0,0],"7":[0,0,0],"8":[0,0]}}
,"C:\\Study\\RS_school_REACT\\React2024Q3\\src\\components\\Pagination\\Pagination.tsx": {"path":"C:\\Study\\RS_school_REACT\\React2024Q3\\src\\components\\Pagination\\Pagination.tsx","statementMap":{"0":{"start":{"line":2,"column":0},"end":{"line":2,"column":null}},"1":{"start":{"line":3,"column":0},"end":{"line":3,"column":null}},"2":{"start":{"line":10,"column":46},"end":{"line":31,"column":1}},"3":{"start":{"line":11,"column":15},"end":{"line":11,"column":74}},"4":{"start":{"line":11,"column":64},"end":{"line":11,"column":73}},"5":{"start":{"line":12,"column":19},"end":{"line":12,"column":29}},"6":{"start":{"line":13,"column":22},"end":{"line":15,"column":2}},"7":{"start":{"line":14,"column":2},"end":{"line":14,"column":null}},"8":{"start":{"line":16,"column":1},"end":{"line":29,"column":null}},"9":{"start":{"line":21,"column":4},"end":{"line":22,"column":null}},"10":{"start":{"line":24,"column":20},"end":{"line":24,"column":37}},"11":{"start":{"line":33,"column":0},"end":{"line":33,"column":null}}},"fnMap":{"0":{"name":"(anonymous_1)","decl":{"start":{"line":10,"column":46},"end":{"line":10,"column":47}},"loc":{"start":{"line":10,"column":92},"end":{"line":31,"column":1}}},"1":{"name":"(anonymous_2)","decl":{"start":{"line":11,"column":50},"end":{"line":11,"column":51}},"loc":{"start":{"line":11,"column":64},"end":{"line":11,"column":73}}},"2":{"name":"(anonymous_3)","decl":{"start":{"line":13,"column":22},"end":{"line":13,"column":34}},"loc":{"start":{"line":13,"column":38},"end":{"line":15,"column":2}}},"3":{"name":"(anonymous_4)","decl":{"start":{"line":20,"column":15},"end":{"line":20,"column":19}},"loc":{"start":{"line":21,"column":4},"end":{"line":22,"column":null}}},"4":{"name":"(anonymous_5)","decl":{"start":{"line":24,"column":14},"end":{"line":24,"column":20}},"loc":{"start":{"line":24,"column":20},"end":{"line":24,"column":37}}}},"branchMap":{"0":{"loc":{"start":{"line":18,"column":38},"end":{"line":18,"column":93}},"type":"cond-expr","locations":[{"start":{"line":18,"column":57},"end":{"line":18,"column":73}},{"start":{"line":18,"column":76},"end":{"line":18,"column":93}}]},"1":{"loc":{"start":{"line":23,"column":36},"end":{"line":23,"column":77}},"type":"cond-expr","locations":[{"start":{"line":23,"column":59},"end":{"line":23,"column":72}},{"start":{"line":23,"column":75},"end":{"line":23,"column":77}}]}},"s":{"0":1,"1":1,"2":1,"3":3,"4":15,"5":3,"6":3,"7":1,"8":3,"9":15,"10":1,"11":1},"f":{"0":3,"1":15,"2":1,"3":15,"4":1},"b":{"0":[0,3],"1":[3,12]}}
,"C:\\Study\\RS_school_REACT\\React2024Q3\\src\\components\\SearchBox\\SearchBox.tsx": {"path":"C:\\Study\\RS_school_REACT\\React2024Q3\\src\\components\\SearchBox\\SearchBox.tsx","statementMap":{"0":{"start":{"line":1,"column":0},"end":{"line":1,"column":null}},"1":{"start":{"line":2,"column":0},"end":{"line":2,"column":null}},"2":{"start":{"line":3,"column":0},"end":{"line":3,"column":null}},"3":{"start":{"line":10,"column":35},"end":{"line":42,"column":1}},"4":{"start":{"line":11,"column":25},"end":{"line":11,"column":45}},"5":{"start":{"line":12,"column":19},"end":{"line":12,"column":29}},"6":{"start":{"line":13,"column":1},"end":{"line":15,"column":null}},"7":{"start":{"line":14,"column":2},"end":{"line":14,"column":null}},"8":{"start":{"line":16,"column":28},"end":{"line":18,"column":2}},"9":{"start":{"line":17,"column":2},"end":{"line":17,"column":null}},"10":{"start":{"line":19,"column":22},"end":{"line":22,"column":2}},"11":{"start":{"line":20,"column":22},"end":{"line":20,"column":33}},"12":{"start":{"line":21,"column":2},"end":{"line":21,"column":null}},"13":{"start":{"line":24,"column":1},"end":{"line":40,"column":null}},"14":{"start":{"line":44,"column":0},"end":{"line":44,"column":null}}},"fnMap":{"0":{"name":"(anonymous_1)","decl":{"start":{"line":10,"column":35},"end":{"line":10,"column":36}},"loc":{"start":{"line":10,"column":64},"end":{"line":42,"column":1}}},"1":{"name":"(anonymous_2)","decl":{"start":{"line":13,"column":11},"end":{"line":13,"column":16}},"loc":{"start":{"line":13,"column":16},"end":{"line":15,"column":2}}},"2":{"name":"(anonymous_3)","decl":{"start":{"line":16,"column":28},"end":{"line":16,"column":70}},"loc":{"start":{"line":16,"column":74},"end":{"line":18,"column":2}}},"3":{"name":"(anonymous_4)","decl":{"start":{"line":19,"column":22},"end":{"line":19,"column":27}},"loc":{"start":{"line":19,"column":27},"end":{"line":22,"column":2}}}},"branchMap":{},"s":{"0":1,"1":1,"2":1,"3":1,"4":9,"5":9,"6":9,"7":4,"8":9,"9":2,"10":9,"11":1,"12":1,"13":9,"14":1},"f":{"0":9,"1":4,"2":2,"3":1},"b":{}}
,"C:\\Study\\RS_school_REACT\\React2024Q3\\src\\components\\ThemeToggle\\ThemeToggle.tsx": {"path":"C:\\Study\\RS_school_REACT\\React2024Q3\\src\\components\\ThemeToggle\\ThemeToggle.tsx","statementMap":{"0":{"start":{"line":1,"column":0},"end":{"line":1,"column":null}},"1":{"start":{"line":3,"column":20},"end":{"line":30,"column":1}},"2":{"start":{"line":4,"column":32},"end":{"line":4,"column":42}},"3":{"start":{"line":6,"column":1},"end":{"line":28,"column":null}},"4":{"start":{"line":32,"column":0},"end":{"line":32,"column":null}}},"fnMap":{"0":{"name":"(anonymous_0)","decl":{"start":{"line":3,"column":20},"end":{"line":3,"column":25}},"loc":{"start":{"line":3,"column":25},"end":{"line":30,"column":1}}}},"branchMap":{},"s":{"0":0,"1":0,"2":0,"3":0,"4":0},"f":{"0":0},"b":{}}
,"C:\\Study\\RS_school_REACT\\React2024Q3\\src\\constants\\appConstants.ts": {"path":"C:\\Study\\RS_school_REACT\\React2024Q3\\src\\constants\\appConstants.ts","statementMap":{"0":{"start":{"line":1,"column":13},"end":{"line":1,"column":null}}},"fnMap":{},"branchMap":{},"s":{"0":0},"f":{},"b":{}}
,"C:\\Study\\RS_school_REACT\\React2024Q3\\src\\context\\ThemeContext.tsx": {"path":"C:\\Study\\RS_school_REACT\\React2024Q3\\src\\context\\ThemeContext.tsx","statementMap":{"0":{"start":{"line":3,"column":0},"end":{"line":3,"column":null}},"1":{"start":{"line":12,"column":21},"end":{"line":12,"column":76}},"2":{"start":{"line":14,"column":64},"end":{"line":28,"column":1}},"3":{"start":{"line":15,"column":27},"end":{"line":15,"column":51}},"4":{"start":{"line":16,"column":1},"end":{"line":19,"column":null}},"5":{"start":{"line":17,"column":22},"end":{"line":17,"column":60}},"6":{"start":{"line":18,"column":2},"end":{"line":18,"column":null}},"7":{"start":{"line":20,"column":1},"end":{"line":23,"column":null}},"8":{"start":{"line":21,"column":2},"end":{"line":21,"column":null}},"9":{"start":{"line":22,"column":2},"end":{"line":22,"column":null}},"10":{"start":{"line":24,"column":21},"end":{"line":26,"column":2}},"11":{"start":{"line":25,"column":2},"end":{"line":25,"column":null}},"12":{"start":{"line":25,"column":27},"end":{"line":25,"column":68}},"13":{"start":{"line":27,"column":1},"end":{"line":27,"column":null}},"14":{"start":{"line":14,"column":13},"end":{"line":14,"column":64}},"15":{"start":{"line":30,"column":24},"end":{"line":36,"column":1}},"16":{"start":{"line":31,"column":17},"end":{"line":31,"column":41}},"17":{"start":{"line":32,"column":1},"end":{"line":34,"column":null}},"18":{"start":{"line":33,"column":2},"end":{"line":33,"column":null}},"19":{"start":{"line":35,"column":1},"end":{"line":35,"column":null}},"20":{"start":{"line":30,"column":13},"end":{"line":30,"column":24}}},"fnMap":{"0":{"name":"(anonymous_0)","decl":{"start":{"line":14,"column":64},"end":{"line":14,"column":65}},"loc":{"start":{"line":14,"column":81},"end":{"line":28,"column":1}}},"1":{"name":"(anonymous_1)","decl":{"start":{"line":16,"column":11},"end":{"line":16,"column":16}},"loc":{"start":{"line":16,"column":16},"end":{"line":19,"column":2}}},"2":{"name":"(anonymous_2)","decl":{"start":{"line":20,"column":11},"end":{"line":20,"column":16}},"loc":{"start":{"line":20,"column":16},"end":{"line":23,"column":2}}},"3":{"name":"(anonymous_3)","decl":{"start":{"line":24,"column":21},"end":{"line":24,"column":26}},"loc":{"start":{"line":24,"column":26},"end":{"line":26,"column":2}}},"4":{"name":"(anonymous_4)","decl":{"start":{"line":25,"column":12},"end":{"line":25,"column":21}},"loc":{"start":{"line":25,"column":27},"end":{"line":25,"column":68}}},"5":{"name":"(anonymous_5)","decl":{"start":{"line":30,"column":24},"end":{"line":30,"column":48}},"loc":{"start":{"line":30,"column":48},"end":{"line":36,"column":1}}}},"branchMap":{"0":{"loc":{"start":{"line":18,"column":11},"end":{"line":18,"column":33}},"type":"binary-expr","locations":[{"start":{"line":18,"column":11},"end":{"line":18,"column":22}},{"start":{"line":18,"column":26},"end":{"line":18,"column":33}}]},"1":{"loc":{"start":{"line":25,"column":27},"end":{"line":25,"column":68}},"type":"cond-expr","locations":[{"start":{"line":25,"column":51},"end":{"line":25,"column":57}},{"start":{"line":25,"column":60},"end":{"line":25,"column":68}}]},"2":{"loc":{"start":{"line":32,"column":1},"end":{"line":34,"column":null}},"type":"if","locations":[{"start":{"line":32,"column":1},"end":{"line":34,"column":null}}]}},"s":{"0":4,"1":4,"2":4,"3":16,"4":16,"5":15,"6":15,"7":16,"8":15,"9":15,"10":16,"11":0,"12":0,"13":16,"14":4,"15":4,"16":22,"17":22,"18":0,"19":22,"20":4},"f":{"0":16,"1":15,"2":15,"3":0,"4":0,"5":22},"b":{"0":[15,4],"1":[0,0],"2":[0]}}
,"C:\\Study\\RS_school_REACT\\React2024Q3\\src\\helpers\\csvHelper.ts": {"path":"C:\\Study\\RS_school_REACT\\React2024Q3\\src\\helpers\\csvHelper.ts","statementMap":{"0":{"start":{"line":3,"column":28},"end":{"line":32,"column":1}},"1":{"start":{"line":4,"column":20},"end":{"line":29,"column":13}},"2":{"start":{"line":16,"column":25},"end":{"line":25,"column":null}},"3":{"start":{"line":28,"column":14},"end":{"line":28,"column":25}},"4":{"start":{"line":30,"column":14},"end":{"line":30,"column":73}},"5":{"start":{"line":31,"column":1},"end":{"line":31,"column":null}},"6":{"start":{"line":3,"column":13},"end":{"line":3,"column":28}}},"fnMap":{"0":{"name":"(anonymous_0)","decl":{"start":{"line":3,"column":28},"end":{"line":3,"column":50}},"loc":{"start":{"line":3,"column":62},"end":{"line":32,"column":1}}},"1":{"name":"(anonymous_1)","decl":{"start":{"line":16,"column":16},"end":{"line":16,"column":20}},"loc":{"start":{"line":16,"column":25},"end":{"line":25,"column":null}}},"2":{"name":"(anonymous_2)","decl":{"start":{"line":28,"column":8},"end":{"line":28,"column":9}},"loc":{"start":{"line":28,"column":14},"end":{"line":28,"column":25}}}},"branchMap":{},"s":{"0":1,"1":1,"2":2,"3":3,"4":1,"5":1,"6":1},"f":{"0":1,"1":2,"2":3},"b":{}}
,"C:\\Study\\RS_school_REACT\\React2024Q3\\src\\helpers\\test-utils.tsx": {"path":"C:\\Study\\RS_school_REACT\\React2024Q3\\src\\helpers\\test-utils.tsx","statementMap":{"0":{"start":{"line":16,"column":0},"end":{"line":16,"column":16}},"1":{"start":{"line":2,"column":0},"end":{"line":2,"column":null}},"2":{"start":{"line":4,"column":0},"end":{"line":4,"column":null}},"3":{"start":{"line":5,"column":0},"end":{"line":5,"column":null}},"4":{"start":{"line":6,"column":0},"end":{"line":6,"column":null}},"5":{"start":{"line":8,"column":0},"end":{"line":8,"column":null}},"6":{"start":{"line":29,"column":18},"end":{"line":29,"column":null}},"7":{"start":{"line":32,"column":17},"end":{"line":33,"column":null}},"8":{"start":{"line":33,"column":2},"end":{"line":33,"column":null}},"9":{"start":{"line":36,"column":1},"end":{"line":36,"column":null}}},"fnMap":{"0":{"name":"renderWithProviders","decl":{"start":{"line":16,"column":16},"end":{"line":16,"column":35}},"loc":{"start":{"line":30,"column":30},"end":{"line":37,"column":null}}},"1":{"name":"(anonymous_7)","decl":{"start":{"line":32,"column":17},"end":{"line":32,"column":18}},"loc":{"start":{"line":33,"column":2},"end":{"line":33,"column":null}}}},"branchMap":{"0":{"loc":{"start":{"line":18,"column":1},"end":{"line":30,"column":30}},"type":"default-arg","locations":[{"start":{"line":30,"column":28},"end":{"line":30,"column":30}}]},"1":{"loc":{"start":{"line":19,"column":2},"end":{"line":19,"column":39}},"type":"default-arg","locations":[{"start":{"line":19,"column":19},"end":{"line":19,"column":39}}]},"2":{"loc":{"start":{"line":20,"column":2},"end":{"line":28,"column":null}},"type":"default-arg","locations":[{"start":{"line":20,"column":10},"end":{"line":28,"column":null}}]}},"s":{"0":0,"1":0,"2":0,"3":0,"4":0,"5":0,"6":0,"7":0,"8":0,"9":0},"f":{"0":0,"1":0},"b":{"0":[0],"1":[0],"2":[0]}}
,"C:\\Study\\RS_school_REACT\\React2024Q3\\src\\helpers\\useLoadingOnRouteChange.ts": {"path":"C:\\Study\\RS_school_REACT\\React2024Q3\\src\\helpers\\useLoadingOnRouteChange.ts","statementMap":{"0":{"start":{"line":1,"column":0},"end":{"line":1,"column":null}},"1":{"start":{"line":2,"column":0},"end":{"line":2,"column":null}},"2":{"start":{"line":4,"column":32},"end":{"line":25,"column":1}},"3":{"start":{"line":5,"column":31},"end":{"line":5,"column":46}},"4":{"start":{"line":6,"column":16},"end":{"line":6,"column":27}},"5":{"start":{"line":8,"column":1},"end":{"line":22,"column":null}},"6":{"start":{"line":9,"column":33},"end":{"line":9,"column":55}},"7":{"start":{"line":9,"column":39},"end":{"line":9,"column":55}},"8":{"start":{"line":10,"column":36},"end":{"line":10,"column":59}},"9":{"start":{"line":10,"column":42},"end":{"line":10,"column":59}},"10":{"start":{"line":11,"column":33},"end":{"line":11,"column":56}},"11":{"start":{"line":11,"column":39},"end":{"line":11,"column":56}},"12":{"start":{"line":13,"column":2},"end":{"line":13,"column":null}},"13":{"start":{"line":14,"column":2},"end":{"line":14,"column":null}},"14":{"start":{"line":15,"column":2},"end":{"line":15,"column":null}},"15":{"start":{"line":17,"column":2},"end":{"line":21,"column":null}},"16":{"start":{"line":18,"column":3},"end":{"line":18,"column":null}},"17":{"start":{"line":19,"column":3},"end":{"line":19,"column":null}},"18":{"start":{"line":20,"column":3},"end":{"line":20,"column":null}},"19":{"start":{"line":24,"column":1},"end":{"line":24,"column":null}},"20":{"start":{"line":27,"column":0},"end":{"line":27,"column":null}}},"fnMap":{"0":{"name":"(anonymous_0)","decl":{"start":{"line":4,"column":32},"end":{"line":4,"column":37}},"loc":{"start":{"line":4,"column":37},"end":{"line":25,"column":1}}},"1":{"name":"(anonymous_1)","decl":{"start":{"line":8,"column":11},"end":{"line":8,"column":16}},"loc":{"start":{"line":8,"column":16},"end":{"line":22,"column":2}}},"2":{"name":"(anonymous_2)","decl":{"start":{"line":9,"column":33},"end":{"line":9,"column":39}},"loc":{"start":{"line":9,"column":39},"end":{"line":9,"column":55}}},"3":{"name":"(anonymous_3)","decl":{"start":{"line":10,"column":36},"end":{"line":10,"column":42}},"loc":{"start":{"line":10,"column":42},"end":{"line":10,"column":59}}},"4":{"name":"(anonymous_4)","decl":{"start":{"line":11,"column":33},"end":{"line":11,"column":39}},"loc":{"start":{"line":11,"column":39},"end":{"line":11,"column":56}}},"5":{"name":"(anonymous_5)","decl":{"start":{"line":17,"column":9},"end":{"line":17,"column":14}},"loc":{"start":{"line":17,"column":14},"end":{"line":21,"column":3}}}},"branchMap":{},"s":{"0":0,"1":0,"2":0,"3":0,"4":0,"5":0,"6":0,"7":0,"8":0,"9":0,"10":0,"11":0,"12":0,"13":0,"14":0,"15":0,"16":0,"17":0,"18":0,"19":0,"20":0},"f":{"0":0,"1":0,"2":0,"3":0,"4":0,"5":0},"b":{}}
,"C:\\Study\\RS_school_REACT\\React2024Q3\\src\\helpers\\useLocalStorage.ts": {"path":"C:\\Study\\RS_school_REACT\\React2024Q3\\src\\helpers\\useLocalStorage.ts","statementMap":{"0":{"start":{"line":1,"column":0},"end":{"line":1,"column":null}},"1":{"start":{"line":3,"column":24},"end":{"line":23,"column":1}},"2":{"start":{"line":4,"column":39},"end":{"line":12,"column":3}},"3":{"start":{"line":5,"column":2},"end":{"line":11,"column":null}},"4":{"start":{"line":6,"column":16},"end":{"line":6,"column":48}},"5":{"start":{"line":7,"column":3},"end":{"line":7,"column":null}},"6":{"start":{"line":9,"column":3},"end":{"line":9,"column":null}},"7":{"start":{"line":10,"column":3},"end":{"line":10,"column":null}},"8":{"start":{"line":14,"column":1},"end":{"line":20,"column":null}},"9":{"start":{"line":15,"column":2},"end":{"line":19,"column":null}},"10":{"start":{"line":16,"column":3},"end":{"line":16,"column":null}},"11":{"start":{"line":18,"column":3},"end":{"line":18,"column":null}},"12":{"start":{"line":22,"column":1},"end":{"line":22,"column":null}},"13":{"start":{"line":25,"column":0},"end":{"line":25,"column":null}}},"fnMap":{"0":{"name":"(anonymous_0)","decl":{"start":{"line":3,"column":24},"end":{"line":3,"column":25}},"loc":{"start":{"line":3,"column":62},"end":{"line":23,"column":1}}},"1":{"name":"(anonymous_1)","decl":{"start":{"line":4,"column":48},"end":{"line":4,"column":53}},"loc":{"start":{"line":4,"column":53},"end":{"line":12,"column":2}}},"2":{"name":"(anonymous_2)","decl":{"start":{"line":14,"column":11},"end":{"line":14,"column":16}},"loc":{"start":{"line":14,"column":16},"end":{"line":20,"column":2}}}},"branchMap":{"0":{"loc":{"start":{"line":7,"column":10},"end":{"line":7,"column":36}},"type":"cond-expr","locations":[{"start":{"line":7,"column":17},"end":{"line":7,"column":21}},{"start":{"line":7,"column":24},"end":{"line":7,"column":36}}]}},"s":{"0":0,"1":0,"2":0,"3":0,"4":0,"5":0,"6":0,"7":0,"8":0,"9":0,"10":0,"11":0,"12":0,"13":0},"f":{"0":0,"1":0,"2":0},"b":{"0":[0,0]}}
,"C:\\Study\\RS_school_REACT\\React2024Q3\\src\\pages\\404.tsx": {"path":"C:\\Study\\RS_school_REACT\\React2024Q3\\src\\pages\\404.tsx","statementMap":{"0":{"start":{"line":1,"column":0},"end":{"line":1,"column":null}},"1":{"start":{"line":2,"column":0},"end":{"line":2,"column":null}},"2":{"start":{"line":4,"column":18},"end":{"line":16,"column":1}},"3":{"start":{"line":5,"column":19},"end":{"line":5,"column":29}},"4":{"start":{"line":7,"column":1},"end":{"line":14,"column":null}},"5":{"start":{"line":18,"column":0},"end":{"line":18,"column":null}}},"fnMap":{"0":{"name":"(anonymous_1)","decl":{"start":{"line":4,"column":18},"end":{"line":4,"column":23}},"loc":{"start":{"line":4,"column":23},"end":{"line":16,"column":1}}}},"branchMap":{"0":{"loc":{"start":{"line":10,"column":32},"end":{"line":10,"column":88}},"type":"cond-expr","locations":[{"start":{"line":10,"column":52},"end":{"line":10,"column":69}},{"start":{"line":10,"column":72},"end":{"line":10,"column":88}}]}},"s":{"0":1,"1":1,"2":1,"3":1,"4":1,"5":1},"f":{"0":1},"b":{"0":[1,0]}}
}
