{"C:\\Study\\RS_school_REACT\\React2024Q3\\src\\components\\DetailsCard\\DetailsCard.tsx": {"path":"C:\\Study\\RS_school_REACT\\React2024Q3\\src\\components\\DetailsCard\\DetailsCard.tsx","statementMap":{"0":{"start":{"line":2,"column":0},"end":{"line":2,"column":null}},"1":{"start":{"line":4,"column":0},"end":{"line":4,"column":null}},"2":{"start":{"line":5,"column":0},"end":{"line":5,"column":null}},"3":{"start":{"line":7,"column":30},"end":{"line":54,"column":1}},"4":{"start":{"line":8,"column":16},"end":{"line":8,"column":27}},"5":{"start":{"line":9,"column":23},"end":{"line":9,"column":85}},"6":{"start":{"line":9,"column":57},"end":{"line":9,"column":84}},"7":{"start":{"line":10,"column":17},"end":{"line":10,"column":42}},"8":{"start":{"line":12,"column":1},"end":{"line":14,"column":null}},"9":{"start":{"line":13,"column":2},"end":{"line":13,"column":null}},"10":{"start":{"line":16,"column":1},"end":{"line":18,"column":null}},"11":{"start":{"line":17,"column":2},"end":{"line":17,"column":null}},"12":{"start":{"line":20,"column":1},"end":{"line":52,"column":null}},"13":{"start":{"line":22,"column":26},"end":{"line":22,"column":42}},"14":{"start":{"line":56,"column":0},"end":{"line":56,"column":null}}},"fnMap":{"0":{"name":"(anonymous_1)","decl":{"start":{"line":7,"column":30},"end":{"line":7,"column":35}},"loc":{"start":{"line":7,"column":35},"end":{"line":54,"column":1}}},"1":{"name":"(anonymous_2)","decl":{"start":{"line":9,"column":36},"end":{"line":9,"column":52}},"loc":{"start":{"line":9,"column":57},"end":{"line":9,"column":84}}},"2":{"name":"(anonymous_3)","decl":{"start":{"line":22,"column":20},"end":{"line":22,"column":26}},"loc":{"start":{"line":22,"column":26},"end":{"line":22,"column":42}}}},"branchMap":{"0":{"loc":{"start":{"line":12,"column":1},"end":{"line":14,"column":null}},"type":"if","locations":[{"start":{"line":12,"column":1},"end":{"line":14,"column":null}}]},"1":{"loc":{"start":{"line":16,"column":1},"end":{"line":18,"column":null}},"type":"if","locations":[{"start":{"line":16,"column":1},"end":{"line":18,"column":null}}]},"2":{"loc":{"start":{"line":23,"column":4},"end":{"line":49,"column":null}},"type":"binary-expr","locations":[{"start":{"line":23,"column":4},"end":{"line":23,"column":17}},{"start":{"line":24,"column":4},"end":{"line":49,"column":null}}]}},"s":{"0":2,"1":2,"2":2,"3":2,"4":4,"5":4,"6":4,"7":4,"8":4,"9":0,"10":4,"11":2,"12":2,"13":1,"14":2},"f":{"0":4,"1":4,"2":1},"b":{"0":[0],"1":[2],"2":[2,2]}}
,"C:\\Study\\RS_school_REACT\\React2024Q3\\src\\components\\ErrorBoundary\\ErrorBoundary.tsx": {"path":"C:\\Study\\RS_school_REACT\\React2024Q3\\src\\components\\ErrorBoundary\\ErrorBoundary.tsx","statementMap":{"0":{"start":{"line":1,"column":0},"end":{"line":1,"column":null}},"1":{"start":{"line":2,"column":0},"end":{"line":2,"column":null}},"2":{"start":{"line":13,"column":2},"end":{"line":13,"column":null}},"3":{"start":{"line":14,"column":2},"end":{"line":14,"column":null}},"4":{"start":{"line":18,"column":2},"end":{"line":18,"column":null}},"5":{"start":{"line":21,"column":2},"end":{"line":24,"column":null}},"6":{"start":{"line":27,"column":2},"end":{"line":27,"column":null}},"7":{"start":{"line":30,"column":2},"end":{"line":39,"column":null}},"8":{"start":{"line":31,"column":3},"end":{"line":37,"column":null}},"9":{"start":{"line":40,"column":2},"end":{"line":40,"column":null}},"10":{"start":{"line":43,"column":0},"end":{"line":43,"column":null}}},"fnMap":{"0":{"name":"(anonymous_1)","decl":{"start":{"line":12,"column":1},"end":{"line":12,"column":13}},"loc":{"start":{"line":12,"column":25},"end":{"line":15,"column":null}}},"1":{"name":"(anonymous_2)","decl":{"start":{"line":17,"column":1},"end":{"line":17,"column":8}},"loc":{"start":{"line":17,"column":45},"end":{"line":19,"column":null}}},"2":{"name":"(anonymous_3)","decl":{"start":{"line":20,"column":1},"end":{"line":20,"column":18}},"loc":{"start":{"line":20,"column":53},"end":{"line":25,"column":null}}},"3":{"name":"(anonymous_4)","decl":{"start":{"line":26,"column":1},"end":{"line":26,"column":11}},"loc":{"start":{"line":26,"column":11},"end":{"line":28,"column":null}}},"4":{"name":"(anonymous_5)","decl":{"start":{"line":29,"column":1},"end":{"line":29,"column":7}},"loc":{"start":{"line":29,"column":7},"end":{"line":41,"column":null}}}},"branchMap":{"0":{"loc":{"start":{"line":30,"column":2},"end":{"line":39,"column":null}},"type":"if","locations":[{"start":{"line":30,"column":2},"end":{"line":39,"column":null}}]}},"s":{"0":1,"1":1,"2":6,"3":5,"4":4,"5":2,"6":1,"7":11,"8":6,"9":5,"10":1},"f":{"0":6,"1":4,"2":2,"3":1,"4":11},"b":{"0":[6]}}
,"C:\\Study\\RS_school_REACT\\React2024Q3\\src\\components\\Flyout\\Flyout.tsx": {"path":"C:\\Study\\RS_school_REACT\\React2024Q3\\src\\components\\Flyout\\Flyout.tsx","statementMap":{"0":{"start":{"line":1,"column":0},"end":{"line":1,"column":null}},"1":{"start":{"line":2,"column":0},"end":{"line":2,"column":null}},"2":{"start":{"line":4,"column":0},"end":{"line":4,"column":null}},"3":{"start":{"line":5,"column":0},"end":{"line":5,"column":null}},"4":{"start":{"line":6,"column":0},"end":{"line":6,"column":null}},"5":{"start":{"line":7,"column":0},"end":{"line":7,"column":null}},"6":{"start":{"line":9,"column":25},"end":{"line":53,"column":1}},"7":{"start":{"line":10,"column":23},"end":{"line":10,"column":85}},"8":{"start":{"line":10,"column":57},"end":{"line":10,"column":84}},"9":{"start":{"line":11,"column":18},"end":{"line":11,"column":31}},"10":{"start":{"line":12,"column":23},"end":{"line":12,"column":56}},"11":{"start":{"line":13,"column":39},"end":{"line":13,"column":68}},"12":{"start":{"line":14,"column":19},"end":{"line":14,"column":29}},"13":{"start":{"line":15,"column":27},"end":{"line":17,"column":2}},"14":{"start":{"line":16,"column":2},"end":{"line":16,"column":null}},"15":{"start":{"line":16,"column":47},"end":{"line":16,"column":75}},"16":{"start":{"line":19,"column":1},"end":{"line":30,"column":null}},"17":{"start":{"line":20,"column":2},"end":{"line":29,"column":null}},"18":{"start":{"line":21,"column":15},"end":{"line":21,"column":56}},"19":{"start":{"line":22,"column":3},"end":{"line":22,"column":null}},"20":{"start":{"line":24,"column":3},"end":{"line":26,"column":null}},"21":{"start":{"line":25,"column":4},"end":{"line":25,"column":null}},"22":{"start":{"line":28,"column":3},"end":{"line":28,"column":null}},"23":{"start":{"line":32,"column":1},"end":{"line":34,"column":null}},"24":{"start":{"line":33,"column":2},"end":{"line":33,"column":null}},"25":{"start":{"line":36,"column":1},"end":{"line":51,"column":null}},"26":{"start":{"line":55,"column":0},"end":{"line":55,"column":null}}},"fnMap":{"0":{"name":"(anonymous_1)","decl":{"start":{"line":9,"column":25},"end":{"line":9,"column":30}},"loc":{"start":{"line":9,"column":30},"end":{"line":53,"column":1}}},"1":{"name":"(anonymous_2)","decl":{"start":{"line":10,"column":36},"end":{"line":10,"column":52}},"loc":{"start":{"line":10,"column":57},"end":{"line":10,"column":84}}},"2":{"name":"(anonymous_3)","decl":{"start":{"line":15,"column":27},"end":{"line":15,"column":32}},"loc":{"start":{"line":15,"column":32},"end":{"line":17,"column":2}}},"3":{"name":"(anonymous_4)","decl":{"start":{"line":16,"column":38},"end":{"line":16,"column":42}},"loc":{"start":{"line":16,"column":47},"end":{"line":16,"column":75}}},"4":{"name":"(anonymous_5)","decl":{"start":{"line":19,"column":11},"end":{"line":19,"column":16}},"loc":{"start":{"line":19,"column":16},"end":{"line":30,"column":2}}},"5":{"name":"(anonymous_6)","decl":{"start":{"line":24,"column":10},"end":{"line":24,"column":15}},"loc":{"start":{"line":24,"column":15},"end":{"line":26,"column":4}}}},"branchMap":{"0":{"loc":{"start":{"line":20,"column":2},"end":{"line":29,"column":null}},"type":"if","locations":[{"start":{"line":20,"column":2},"end":{"line":29,"column":null}},{"start":{"line":27,"column":9},"end":{"line":29,"column":null}}]},"1":{"loc":{"start":{"line":32,"column":1},"end":{"line":34,"column":null}},"type":"if","locations":[{"start":{"line":32,"column":1},"end":{"line":34,"column":null}}]},"2":{"loc":{"start":{"line":37,"column":38},"end":{"line":37,"column":93}},"type":"cond-expr","locations":[{"start":{"line":37,"column":57},"end":{"line":37,"column":73}},{"start":{"line":37,"column":76},"end":{"line":37,"column":93}}]},"3":{"loc":{"start":{"line":42,"column":4},"end":{"line":46,"column":null}},"type":"binary-expr","locations":[{"start":{"line":42,"column":4},"end":{"line":42,"column":15}},{"start":{"line":43,"column":4},"end":{"line":46,"column":null}}]}},"s":{"0":2,"1":2,"2":2,"3":2,"4":2,"5":2,"6":2,"7":16,"8":27,"9":16,"10":16,"11":16,"12":16,"13":16,"14":1,"15":2,"16":16,"17":10,"18":3,"19":3,"20":3,"21":3,"22":7,"23":16,"24":10,"25":6,"26":2},"f":{"0":16,"1":27,"2":1,"3":2,"4":10,"5":3},"b":{"0":[3,7],"1":[10],"2":[0,6],"3":[6,3]}}
,"C:\\Study\\RS_school_REACT\\React2024Q3\\src\\components\\MainPage\\MainPage.tsx": {"path":"C:\\Study\\RS_school_REACT\\React2024Q3\\src\\components\\MainPage\\MainPage.tsx","statementMap":{"0":{"start":{"line":1,"column":0},"end":{"line":1,"column":null}},"1":{"start":{"line":2,"column":0},"end":{"line":2,"column":null}},"2":{"start":{"line":3,"column":0},"end":{"line":3,"column":null}},"3":{"start":{"line":4,"column":0},"end":{"line":4,"column":null}},"4":{"start":{"line":5,"column":0},"end":{"line":5,"column":null}},"5":{"start":{"line":6,"column":0},"end":{"line":6,"column":null}},"6":{"start":{"line":7,"column":0},"end":{"line":7,"column":null}},"7":{"start":{"line":8,"column":0},"end":{"line":8,"column":null}},"8":{"start":{"line":9,"column":0},"end":{"line":9,"column":null}},"9":{"start":{"line":10,"column":0},"end":{"line":10,"column":null}},"10":{"start":{"line":18,"column":36},"end":{"line":86,"column":1}},"11":{"start":{"line":19,"column":37},"end":{"line":19,"column":70}},"12":{"start":{"line":20,"column":39},"end":{"line":20,"column":63}},"13":{"start":{"line":21,"column":19},"end":{"line":21,"column":29}},"14":{"start":{"line":22,"column":16},"end":{"line":22,"column":27}},"15":{"start":{"line":23,"column":37},"end":{"line":23,"column":66}},"16":{"start":{"line":25,"column":1},"end":{"line":34,"column":null}},"17":{"start":{"line":26,"column":17},"end":{"line":26,"column":29}},"18":{"start":{"line":27,"column":2},"end":{"line":33,"column":null}},"19":{"start":{"line":28,"column":3},"end":{"line":28,"column":null}},"20":{"start":{"line":29,"column":3},"end":{"line":29,"column":null}},"21":{"start":{"line":31,"column":3},"end":{"line":31,"column":null}},"22":{"start":{"line":32,"column":3},"end":{"line":32,"column":null}},"23":{"start":{"line":36,"column":28},"end":{"line":46,"column":2}},"24":{"start":{"line":37,"column":2},"end":{"line":45,"column":null}},"25":{"start":{"line":38,"column":28},"end":{"line":38,"column":40}},"26":{"start":{"line":39,"column":3},"end":{"line":42,"column":null}},"27":{"start":{"line":43,"column":3},"end":{"line":43,"column":null}},"28":{"start":{"line":44,"column":3},"end":{"line":44,"column":null}},"29":{"start":{"line":47,"column":26},"end":{"line":53,"column":2}},"30":{"start":{"line":48,"column":2},"end":{"line":51,"column":null}},"31":{"start":{"line":54,"column":1},"end":{"line":84,"column":null}},"32":{"start":{"line":87,"column":0},"end":{"line":87,"column":null}}},"fnMap":{"0":{"name":"(anonymous_1)","decl":{"start":{"line":18,"column":36},"end":{"line":18,"column":37}},"loc":{"start":{"line":18,"column":86},"end":{"line":86,"column":1}}},"1":{"name":"(anonymous_2)","decl":{"start":{"line":25,"column":11},"end":{"line":25,"column":16}},"loc":{"start":{"line":25,"column":16},"end":{"line":34,"column":2}}},"2":{"name":"(anonymous_3)","decl":{"start":{"line":36,"column":28},"end":{"line":36,"column":33}},"loc":{"start":{"line":36,"column":33},"end":{"line":46,"column":2}}},"3":{"name":"(anonymous_4)","decl":{"start":{"line":47,"column":26},"end":{"line":47,"column":40}},"loc":{"start":{"line":47,"column":44},"end":{"line":53,"column":2}}}},"branchMap":{"0":{"loc":{"start":{"line":27,"column":2},"end":{"line":33,"column":null}},"type":"if","locations":[{"start":{"line":27,"column":2},"end":{"line":33,"column":null}},{"start":{"line":30,"column":9},"end":{"line":33,"column":null}}]},"1":{"loc":{"start":{"line":37,"column":2},"end":{"line":45,"column":null}},"type":"if","locations":[{"start":{"line":37,"column":2},"end":{"line":45,"column":null}}]},"2":{"loc":{"start":{"line":50,"column":20},"end":{"line":50,"column":45}},"type":"binary-expr","locations":[{"start":{"line":50,"column":20},"end":{"line":50,"column":39}},{"start":{"line":50,"column":43},"end":{"line":50,"column":45}}]},"3":{"loc":{"start":{"line":50,"column":53},"end":{"line":50,"column":77}},"type":"binary-expr","locations":[{"start":{"line":50,"column":53},"end":{"line":50,"column":70}},{"start":{"line":50,"column":74},"end":{"line":50,"column":77}}]},"4":{"loc":{"start":{"line":56,"column":36},"end":{"line":56,"column":108}},"type":"cond-expr","locations":[{"start":{"line":56,"column":56},"end":{"line":56,"column":81}},{"start":{"line":56,"column":84},"end":{"line":56,"column":108}}]},"5":{"loc":{"start":{"line":58,"column":44},"end":{"line":58,"column":87}},"type":"cond-expr","locations":[{"start":{"line":58,"column":58},"end":{"line":58,"column":82}},{"start":{"line":58,"column":85},"end":{"line":58,"column":87}}]},"6":{"loc":{"start":{"line":60,"column":40},"end":{"line":60,"column":116}},"type":"cond-expr","locations":[{"start":{"line":60,"column":60},"end":{"line":60,"column":87}},{"start":{"line":60,"column":90},"end":{"line":60,"column":116}}]},"7":{"loc":{"start":{"line":76,"column":4},"end":{"line":80,"column":null}},"type":"binary-expr","locations":[{"start":{"line":76,"column":4},"end":{"line":76,"column":15}},{"start":{"line":76,"column":19},"end":{"line":76,"column":29}},{"start":{"line":77,"column":4},"end":{"line":80,"column":null}}]},"8":{"loc":{"start":{"line":78,"column":42},"end":{"line":78,"column":122}},"type":"cond-expr","locations":[{"start":{"line":78,"column":62},"end":{"line":78,"column":91}},{"start":{"line":78,"column":94},"end":{"line":78,"column":122}}]}},"s":{"0":1,"1":1,"2":1,"3":1,"4":1,"5":1,"6":1,"7":1,"8":1,"9":1,"10":1,"11":7,"12":7,"13":7,"14":7,"15":7,"16":7,"17":6,"18":6,"19":0,"20":0,"21":6,"22":6,"23":7,"24":2,"25":0,"26":0,"27":0,"28":0,"29":7,"30":1,"31":7,"32":1},"f":{"0":7,"1":6,"2":2,"3":1},"b":{"0":[0,6],"1":[0],"2":[1,1],"3":[1,1],"4":[7,0],"5":[0,7],"6":[7,0],"7":[7,0,0],"8":[0,0]}}
,"C:\\Study\\RS_school_REACT\\React2024Q3\\src\\components\\Pagination\\Pagination.tsx": {"path":"C:\\Study\\RS_school_REACT\\React2024Q3\\src\\components\\Pagination\\Pagination.tsx","statementMap":{"0":{"start":{"line":2,"column":0},"end":{"line":2,"column":null}},"1":{"start":{"line":3,"column":0},"end":{"line":3,"column":null}},"2":{"start":{"line":10,"column":46},"end":{"line":31,"column":1}},"3":{"start":{"line":11,"column":15},"end":{"line":11,"column":74}},"4":{"start":{"line":11,"column":64},"end":{"line":11,"column":73}},"5":{"start":{"line":12,"column":19},"end":{"line":12,"column":29}},"6":{"start":{"line":13,"column":22},"end":{"line":15,"column":2}},"7":{"start":{"line":14,"column":2},"end":{"line":14,"column":null}},"8":{"start":{"line":16,"column":1},"end":{"line":29,"column":null}},"9":{"start":{"line":21,"column":4},"end":{"line":22,"column":null}},"10":{"start":{"line":24,"column":20},"end":{"line":24,"column":37}},"11":{"start":{"line":33,"column":0},"end":{"line":33,"column":null}}},"fnMap":{"0":{"name":"(anonymous_1)","decl":{"start":{"line":10,"column":46},"end":{"line":10,"column":47}},"loc":{"start":{"line":10,"column":92},"end":{"line":31,"column":1}}},"1":{"name":"(anonymous_2)","decl":{"start":{"line":11,"column":50},"end":{"line":11,"column":51}},"loc":{"start":{"line":11,"column":64},"end":{"line":11,"column":73}}},"2":{"name":"(anonymous_3)","decl":{"start":{"line":13,"column":22},"end":{"line":13,"column":34}},"loc":{"start":{"line":13,"column":38},"end":{"line":15,"column":2}}},"3":{"name":"(anonymous_4)","decl":{"start":{"line":20,"column":15},"end":{"line":20,"column":19}},"loc":{"start":{"line":21,"column":4},"end":{"line":22,"column":null}}},"4":{"name":"(anonymous_5)","decl":{"start":{"line":24,"column":14},"end":{"line":24,"column":20}},"loc":{"start":{"line":24,"column":20},"end":{"line":24,"column":37}}}},"branchMap":{"0":{"loc":{"start":{"line":18,"column":38},"end":{"line":18,"column":93}},"type":"cond-expr","locations":[{"start":{"line":18,"column":57},"end":{"line":18,"column":73}},{"start":{"line":18,"column":76},"end":{"line":18,"column":93}}]},"1":{"loc":{"start":{"line":23,"column":36},"end":{"line":23,"column":77}},"type":"cond-expr","locations":[{"start":{"line":23,"column":59},"end":{"line":23,"column":72}},{"start":{"line":23,"column":75},"end":{"line":23,"column":77}}]}},"s":{"0":2,"1":2,"2":2,"3":11,"4":23,"5":11,"6":11,"7":2,"8":11,"9":23,"10":2,"11":2},"f":{"0":11,"1":23,"2":2,"3":23,"4":2},"b":{"0":[0,11],"1":[11,12]}}
,"C:\\Study\\RS_school_REACT\\React2024Q3\\src\\components\\ResultsBox\\ResultsBox.tsx": {"path":"C:\\Study\\RS_school_REACT\\React2024Q3\\src\\components\\ResultsBox\\ResultsBox.tsx","statementMap":{"0":{"start":{"line":1,"column":0},"end":{"line":1,"column":null}},"1":{"start":{"line":2,"column":0},"end":{"line":2,"column":null}},"2":{"start":{"line":3,"column":0},"end":{"line":3,"column":null}},"3":{"start":{"line":4,"column":0},"end":{"line":4,"column":null}},"4":{"start":{"line":5,"column":0},"end":{"line":5,"column":null}},"5":{"start":{"line":7,"column":0},"end":{"line":7,"column":null}},"6":{"start":{"line":9,"column":0},"end":{"line":9,"column":null}},"7":{"start":{"line":10,"column":0},"end":{"line":10,"column":null}},"8":{"start":{"line":21,"column":36},"end":{"line":124,"column":1}},"9":{"start":{"line":28,"column":16},"end":{"line":28,"column":27}},"10":{"start":{"line":29,"column":18},"end":{"line":29,"column":24}},"11":{"start":{"line":30,"column":18},"end":{"line":30,"column":31}},"12":{"start":{"line":31,"column":52},"end":{"line":32,"column":null}},"13":{"start":{"line":32,"column":24},"end":{"line":32,"column":37}},"14":{"start":{"line":34,"column":28},"end":{"line":34,"column":54}},"15":{"start":{"line":35,"column":19},"end":{"line":35,"column":29}},"16":{"start":{"line":36,"column":17},"end":{"line":36,"column":42}},"17":{"start":{"line":37,"column":27},"end":{"line":43,"column":2}},"18":{"start":{"line":38,"column":2},"end":{"line":38,"column":null}},"19":{"start":{"line":39,"column":2},"end":{"line":42,"column":null}},"20":{"start":{"line":44,"column":1},"end":{"line":48,"column":null}},"21":{"start":{"line":45,"column":2},"end":{"line":47,"column":null}},"22":{"start":{"line":46,"column":3},"end":{"line":46,"column":null}},"23":{"start":{"line":49,"column":1},"end":{"line":55,"column":null}},"24":{"start":{"line":50,"column":2},"end":{"line":54,"column":null}},"25":{"start":{"line":51,"column":3},"end":{"line":51,"column":null}},"26":{"start":{"line":52,"column":3},"end":{"line":52,"column":null}},"27":{"start":{"line":53,"column":3},"end":{"line":53,"column":null}},"28":{"start":{"line":62,"column":30},"end":{"line":64,"column":2}},"29":{"start":{"line":63,"column":2},"end":{"line":63,"column":null}},"30":{"start":{"line":65,"column":25},"end":{"line":68,"column":2}},"31":{"start":{"line":66,"column":2},"end":{"line":66,"column":null}},"32":{"start":{"line":67,"column":2},"end":{"line":67,"column":null}},"33":{"start":{"line":70,"column":32},"end":{"line":72,"column":2}},"34":{"start":{"line":71,"column":2},"end":{"line":71,"column":null}},"35":{"start":{"line":73,"column":31},"end":{"line":79,"column":2}},"36":{"start":{"line":74,"column":2},"end":{"line":78,"column":null}},"37":{"start":{"line":75,"column":3},"end":{"line":75,"column":null}},"38":{"start":{"line":77,"column":3},"end":{"line":77,"column":null}},"39":{"start":{"line":81,"column":1},"end":{"line":122,"column":null}},"40":{"start":{"line":92,"column":8},"end":{"line":93,"column":null}},"41":{"start":{"line":96,"column":25},"end":{"line":96,"column":54}},"42":{"start":{"line":101,"column":26},"end":{"line":101,"column":54}},"43":{"start":{"line":102,"column":26},"end":{"line":102,"column":45}},"44":{"start":{"line":126,"column":0},"end":{"line":126,"column":null}}},"fnMap":{"0":{"name":"(anonymous_1)","decl":{"start":{"line":21,"column":36},"end":{"line":21,"column":37}},"loc":{"start":{"line":27,"column":5},"end":{"line":124,"column":1}}},"1":{"name":"(anonymous_2)","decl":{"start":{"line":32,"column":3},"end":{"line":32,"column":19}},"loc":{"start":{"line":32,"column":24},"end":{"line":32,"column":37}}},"2":{"name":"(anonymous_3)","decl":{"start":{"line":37,"column":27},"end":{"line":37,"column":42}},"loc":{"start":{"line":37,"column":46},"end":{"line":43,"column":2}}},"3":{"name":"(anonymous_4)","decl":{"start":{"line":44,"column":11},"end":{"line":44,"column":16}},"loc":{"start":{"line":44,"column":16},"end":{"line":48,"column":2}}},"4":{"name":"(anonymous_5)","decl":{"start":{"line":49,"column":11},"end":{"line":49,"column":16}},"loc":{"start":{"line":49,"column":16},"end":{"line":55,"column":2}}},"5":{"name":"(anonymous_6)","decl":{"start":{"line":62,"column":30},"end":{"line":62,"column":35}},"loc":{"start":{"line":62,"column":35},"end":{"line":64,"column":2}}},"6":{"name":"(anonymous_7)","decl":{"start":{"line":65,"column":25},"end":{"line":65,"column":26}},"loc":{"start":{"line":65,"column":81},"end":{"line":68,"column":2}}},"7":{"name":"(anonymous_8)","decl":{"start":{"line":70,"column":32},"end":{"line":70,"column":67}},"loc":{"start":{"line":70,"column":71},"end":{"line":72,"column":2}}},"8":{"name":"(anonymous_9)","decl":{"start":{"line":73,"column":31},"end":{"line":73,"column":52}},"loc":{"start":{"line":73,"column":56},"end":{"line":79,"column":2}}},"9":{"name":"(anonymous_10)","decl":{"start":{"line":91,"column":28},"end":{"line":91,"column":29}},"loc":{"start":{"line":92,"column":8},"end":{"line":93,"column":null}}},"10":{"name":"(anonymous_11)","decl":{"start":{"line":96,"column":19},"end":{"line":96,"column":20}},"loc":{"start":{"line":96,"column":25},"end":{"line":96,"column":54}}},"11":{"name":"(anonymous_12)","decl":{"start":{"line":101,"column":20},"end":{"line":101,"column":26}},"loc":{"start":{"line":101,"column":26},"end":{"line":101,"column":54}}},"12":{"name":"(anonymous_13)","decl":{"start":{"line":102,"column":20},"end":{"line":102,"column":21}},"loc":{"start":{"line":102,"column":26},"end":{"line":102,"column":45}}}},"branchMap":{"0":{"loc":{"start":{"line":41,"column":20},"end":{"line":41,"column":45}},"type":"binary-expr","locations":[{"start":{"line":41,"column":20},"end":{"line":41,"column":39}},{"start":{"line":41,"column":43},"end":{"line":41,"column":45}}]},"1":{"loc":{"start":{"line":45,"column":2},"end":{"line":47,"column":null}},"type":"if","locations":[{"start":{"line":45,"column":2},"end":{"line":47,"column":null}}]},"2":{"loc":{"start":{"line":50,"column":2},"end":{"line":54,"column":null}},"type":"if","locations":[{"start":{"line":50,"column":2},"end":{"line":54,"column":null}}]},"3":{"loc":{"start":{"line":74,"column":2},"end":{"line":78,"column":null}},"type":"if","locations":[{"start":{"line":74,"column":2},"end":{"line":78,"column":null}},{"start":{"line":76,"column":9},"end":{"line":78,"column":null}}]},"4":{"loc":{"start":{"line":83,"column":4},"end":{"line":119,"column":null}},"type":"cond-expr","locations":[{"start":{"line":84,"column":4},"end":{"line":84,"column":25}},{"start":{"line":86,"column":4},"end":{"line":119,"column":null}}]},"5":{"loc":{"start":{"line":88,"column":7},"end":{"line":108,"column":null}},"type":"cond-expr","locations":[{"start":{"line":89,"column":7},"end":{"line":89,"column":31}},{"start":{"line":91,"column":7},"end":{"line":108,"column":null}}]},"6":{"loc":{"start":{"line":111,"column":6},"end":{"line":117,"column":null}},"type":"binary-expr","locations":[{"start":{"line":111,"column":6},"end":{"line":111,"column":33}},{"start":{"line":112,"column":6},"end":{"line":117,"column":null}}]},"7":{"loc":{"start":{"line":114,"column":21},"end":{"line":114,"column":51}},"type":"binary-expr","locations":[{"start":{"line":114,"column":21},"end":{"line":114,"column":46}},{"start":{"line":114,"column":50},"end":{"line":114,"column":51}}]},"8":{"loc":{"start":{"line":116,"column":31},"end":{"line":116,"column":41}},"type":"binary-expr","locations":[{"start":{"line":116,"column":31},"end":{"line":116,"column":36}},{"start":{"line":116,"column":40},"end":{"line":116,"column":41}}]}},"s":{"0":1,"1":1,"2":1,"3":1,"4":1,"5":1,"6":1,"7":1,"8":1,"9":11,"10":11,"11":11,"12":11,"13":22,"14":11,"15":11,"16":11,"17":11,"18":1,"19":1,"20":11,"21":6,"22":5,"23":11,"24":6,"25":0,"26":0,"27":0,"28":11,"29":1,"30":11,"31":1,"32":1,"33":11,"34":1,"35":11,"36":0,"37":0,"38":0,"39":11,"40":16,"41":1,"42":0,"43":0,"44":1},"f":{"0":11,"1":22,"2":1,"3":6,"4":6,"5":1,"6":1,"7":1,"8":0,"9":16,"10":1,"11":0,"12":0},"b":{"0":[1,0],"1":[5],"2":[0],"3":[0,0],"4":[0,11],"5":[3,8],"6":[11,8],"7":[8,0],"8":[8,0]}}
,"C:\\Study\\RS_school_REACT\\React2024Q3\\src\\components\\SearchBox\\SearchBox.tsx": {"path":"C:\\Study\\RS_school_REACT\\React2024Q3\\src\\components\\SearchBox\\SearchBox.tsx","statementMap":{"0":{"start":{"line":1,"column":0},"end":{"line":1,"column":null}},"1":{"start":{"line":2,"column":0},"end":{"line":2,"column":null}},"2":{"start":{"line":3,"column":0},"end":{"line":3,"column":null}},"3":{"start":{"line":10,"column":35},"end":{"line":42,"column":1}},"4":{"start":{"line":11,"column":25},"end":{"line":11,"column":45}},"5":{"start":{"line":12,"column":19},"end":{"line":12,"column":29}},"6":{"start":{"line":13,"column":1},"end":{"line":15,"column":null}},"7":{"start":{"line":14,"column":2},"end":{"line":14,"column":null}},"8":{"start":{"line":16,"column":28},"end":{"line":18,"column":2}},"9":{"start":{"line":17,"column":2},"end":{"line":17,"column":null}},"10":{"start":{"line":19,"column":22},"end":{"line":22,"column":2}},"11":{"start":{"line":20,"column":22},"end":{"line":20,"column":33}},"12":{"start":{"line":21,"column":2},"end":{"line":21,"column":null}},"13":{"start":{"line":24,"column":1},"end":{"line":40,"column":null}},"14":{"start":{"line":44,"column":0},"end":{"line":44,"column":null}}},"fnMap":{"0":{"name":"(anonymous_1)","decl":{"start":{"line":10,"column":35},"end":{"line":10,"column":36}},"loc":{"start":{"line":10,"column":64},"end":{"line":42,"column":1}}},"1":{"name":"(anonymous_2)","decl":{"start":{"line":13,"column":11},"end":{"line":13,"column":16}},"loc":{"start":{"line":13,"column":16},"end":{"line":15,"column":2}}},"2":{"name":"(anonymous_3)","decl":{"start":{"line":16,"column":28},"end":{"line":16,"column":70}},"loc":{"start":{"line":16,"column":74},"end":{"line":18,"column":2}}},"3":{"name":"(anonymous_4)","decl":{"start":{"line":19,"column":22},"end":{"line":19,"column":27}},"loc":{"start":{"line":19,"column":27},"end":{"line":22,"column":2}}}},"branchMap":{},"s":{"0":1,"1":1,"2":1,"3":1,"4":9,"5":9,"6":9,"7":4,"8":9,"9":2,"10":9,"11":1,"12":1,"13":9,"14":1},"f":{"0":9,"1":4,"2":2,"3":1},"b":{}}
,"C:\\Study\\RS_school_REACT\\React2024Q3\\src\\components\\ThemeToggle\\ThemeToggle.tsx": {"path":"C:\\Study\\RS_school_REACT\\React2024Q3\\src\\components\\ThemeToggle\\ThemeToggle.tsx","statementMap":{"0":{"start":{"line":1,"column":0},"end":{"line":1,"column":null}},"1":{"start":{"line":3,"column":20},"end":{"line":30,"column":1}},"2":{"start":{"line":4,"column":32},"end":{"line":4,"column":42}},"3":{"start":{"line":6,"column":1},"end":{"line":28,"column":null}},"4":{"start":{"line":32,"column":0},"end":{"line":32,"column":null}}},"fnMap":{"0":{"name":"(anonymous_0)","decl":{"start":{"line":3,"column":20},"end":{"line":3,"column":25}},"loc":{"start":{"line":3,"column":25},"end":{"line":30,"column":1}}}},"branchMap":{},"s":{"0":1,"1":1,"2":3,"3":3,"4":1},"f":{"0":3},"b":{}}
,"C:\\Study\\RS_school_REACT\\React2024Q3\\src\\context\\ThemeContext.tsx": {"path":"C:\\Study\\RS_school_REACT\\React2024Q3\\src\\context\\ThemeContext.tsx","statementMap":{"0":{"start":{"line":3,"column":0},"end":{"line":3,"column":null}},"1":{"start":{"line":12,"column":21},"end":{"line":12,"column":76}},"2":{"start":{"line":14,"column":64},"end":{"line":28,"column":1}},"3":{"start":{"line":15,"column":27},"end":{"line":15,"column":51}},"4":{"start":{"line":16,"column":1},"end":{"line":19,"column":null}},"5":{"start":{"line":17,"column":22},"end":{"line":17,"column":60}},"6":{"start":{"line":18,"column":2},"end":{"line":18,"column":null}},"7":{"start":{"line":20,"column":1},"end":{"line":23,"column":null}},"8":{"start":{"line":21,"column":2},"end":{"line":21,"column":null}},"9":{"start":{"line":22,"column":2},"end":{"line":22,"column":null}},"10":{"start":{"line":24,"column":21},"end":{"line":26,"column":2}},"11":{"start":{"line":25,"column":2},"end":{"line":25,"column":null}},"12":{"start":{"line":25,"column":27},"end":{"line":25,"column":68}},"13":{"start":{"line":27,"column":1},"end":{"line":27,"column":null}},"14":{"start":{"line":14,"column":13},"end":{"line":14,"column":64}},"15":{"start":{"line":30,"column":24},"end":{"line":36,"column":1}},"16":{"start":{"line":31,"column":17},"end":{"line":31,"column":41}},"17":{"start":{"line":32,"column":1},"end":{"line":34,"column":null}},"18":{"start":{"line":33,"column":2},"end":{"line":33,"column":null}},"19":{"start":{"line":35,"column":1},"end":{"line":35,"column":null}},"20":{"start":{"line":30,"column":13},"end":{"line":30,"column":24}}},"fnMap":{"0":{"name":"(anonymous_0)","decl":{"start":{"line":14,"column":64},"end":{"line":14,"column":65}},"loc":{"start":{"line":14,"column":81},"end":{"line":28,"column":1}}},"1":{"name":"(anonymous_1)","decl":{"start":{"line":16,"column":11},"end":{"line":16,"column":16}},"loc":{"start":{"line":16,"column":16},"end":{"line":19,"column":2}}},"2":{"name":"(anonymous_2)","decl":{"start":{"line":20,"column":11},"end":{"line":20,"column":16}},"loc":{"start":{"line":20,"column":16},"end":{"line":23,"column":2}}},"3":{"name":"(anonymous_3)","decl":{"start":{"line":24,"column":21},"end":{"line":24,"column":26}},"loc":{"start":{"line":24,"column":26},"end":{"line":26,"column":2}}},"4":{"name":"(anonymous_4)","decl":{"start":{"line":25,"column":12},"end":{"line":25,"column":21}},"loc":{"start":{"line":25,"column":27},"end":{"line":25,"column":68}}},"5":{"name":"(anonymous_5)","decl":{"start":{"line":30,"column":24},"end":{"line":30,"column":48}},"loc":{"start":{"line":30,"column":48},"end":{"line":36,"column":1}}}},"branchMap":{"0":{"loc":{"start":{"line":18,"column":11},"end":{"line":18,"column":33}},"type":"binary-expr","locations":[{"start":{"line":18,"column":11},"end":{"line":18,"column":22}},{"start":{"line":18,"column":26},"end":{"line":18,"column":33}}]},"1":{"loc":{"start":{"line":25,"column":27},"end":{"line":25,"column":68}},"type":"cond-expr","locations":[{"start":{"line":25,"column":51},"end":{"line":25,"column":57}},{"start":{"line":25,"column":60},"end":{"line":25,"column":68}}]},"2":{"loc":{"start":{"line":32,"column":1},"end":{"line":34,"column":null}},"type":"if","locations":[{"start":{"line":32,"column":1},"end":{"line":34,"column":null}}]}},"s":{"0":9,"1":9,"2":9,"3":39,"4":39,"5":34,"6":34,"7":39,"8":37,"9":37,"10":39,"11":2,"12":2,"13":39,"14":9,"15":9,"16":66,"17":65,"18":4,"19":61,"20":9},"f":{"0":39,"1":34,"2":37,"3":2,"4":2,"5":66},"b":{"0":[34,10],"1":[1,1],"2":[4]}}
,"C:\\Study\\RS_school_REACT\\React2024Q3\\src\\helpers\\csvHelper.ts": {"path":"C:\\Study\\RS_school_REACT\\React2024Q3\\src\\helpers\\csvHelper.ts","statementMap":{"0":{"start":{"line":3,"column":28},"end":{"line":32,"column":1}},"1":{"start":{"line":4,"column":20},"end":{"line":29,"column":13}},"2":{"start":{"line":16,"column":25},"end":{"line":25,"column":null}},"3":{"start":{"line":28,"column":14},"end":{"line":28,"column":25}},"4":{"start":{"line":30,"column":14},"end":{"line":30,"column":73}},"5":{"start":{"line":31,"column":1},"end":{"line":31,"column":null}},"6":{"start":{"line":3,"column":13},"end":{"line":3,"column":28}}},"fnMap":{"0":{"name":"(anonymous_0)","decl":{"start":{"line":3,"column":28},"end":{"line":3,"column":50}},"loc":{"start":{"line":3,"column":62},"end":{"line":32,"column":1}}},"1":{"name":"(anonymous_1)","decl":{"start":{"line":16,"column":16},"end":{"line":16,"column":20}},"loc":{"start":{"line":16,"column":25},"end":{"line":25,"column":null}}},"2":{"name":"(anonymous_2)","decl":{"start":{"line":28,"column":8},"end":{"line":28,"column":9}},"loc":{"start":{"line":28,"column":14},"end":{"line":28,"column":25}}}},"branchMap":{},"s":{"0":2,"1":1,"2":2,"3":3,"4":1,"5":1,"6":2},"f":{"0":1,"1":2,"2":3},"b":{}}
,"C:\\Study\\RS_school_REACT\\React2024Q3\\src\\helpers\\useLoadingOnRouteChange.ts": {"path":"C:\\Study\\RS_school_REACT\\React2024Q3\\src\\helpers\\useLoadingOnRouteChange.ts","statementMap":{"0":{"start":{"line":1,"column":0},"end":{"line":1,"column":null}},"1":{"start":{"line":2,"column":0},"end":{"line":2,"column":null}},"2":{"start":{"line":4,"column":32},"end":{"line":25,"column":1}},"3":{"start":{"line":5,"column":31},"end":{"line":5,"column":46}},"4":{"start":{"line":6,"column":16},"end":{"line":6,"column":27}},"5":{"start":{"line":8,"column":1},"end":{"line":22,"column":null}},"6":{"start":{"line":9,"column":33},"end":{"line":9,"column":55}},"7":{"start":{"line":9,"column":39},"end":{"line":9,"column":55}},"8":{"start":{"line":10,"column":36},"end":{"line":10,"column":59}},"9":{"start":{"line":10,"column":42},"end":{"line":10,"column":59}},"10":{"start":{"line":11,"column":33},"end":{"line":11,"column":56}},"11":{"start":{"line":11,"column":39},"end":{"line":11,"column":56}},"12":{"start":{"line":13,"column":2},"end":{"line":13,"column":null}},"13":{"start":{"line":14,"column":2},"end":{"line":14,"column":null}},"14":{"start":{"line":15,"column":2},"end":{"line":15,"column":null}},"15":{"start":{"line":17,"column":2},"end":{"line":21,"column":null}},"16":{"start":{"line":18,"column":3},"end":{"line":18,"column":null}},"17":{"start":{"line":19,"column":3},"end":{"line":19,"column":null}},"18":{"start":{"line":20,"column":3},"end":{"line":20,"column":null}},"19":{"start":{"line":24,"column":1},"end":{"line":24,"column":null}},"20":{"start":{"line":27,"column":0},"end":{"line":27,"column":null}}},"fnMap":{"0":{"name":"(anonymous_0)","decl":{"start":{"line":4,"column":32},"end":{"line":4,"column":37}},"loc":{"start":{"line":4,"column":37},"end":{"line":25,"column":1}}},"1":{"name":"(anonymous_1)","decl":{"start":{"line":8,"column":11},"end":{"line":8,"column":16}},"loc":{"start":{"line":8,"column":16},"end":{"line":22,"column":2}}},"2":{"name":"(anonymous_2)","decl":{"start":{"line":9,"column":33},"end":{"line":9,"column":39}},"loc":{"start":{"line":9,"column":39},"end":{"line":9,"column":55}}},"3":{"name":"(anonymous_3)","decl":{"start":{"line":10,"column":36},"end":{"line":10,"column":42}},"loc":{"start":{"line":10,"column":42},"end":{"line":10,"column":59}}},"4":{"name":"(anonymous_4)","decl":{"start":{"line":11,"column":33},"end":{"line":11,"column":39}},"loc":{"start":{"line":11,"column":39},"end":{"line":11,"column":56}}},"5":{"name":"(anonymous_5)","decl":{"start":{"line":17,"column":9},"end":{"line":17,"column":14}},"loc":{"start":{"line":17,"column":14},"end":{"line":21,"column":3}}}},"branchMap":{},"s":{"0":3,"1":3,"2":3,"3":15,"4":15,"5":15,"6":10,"7":0,"8":10,"9":0,"10":10,"11":0,"12":10,"13":10,"14":10,"15":10,"16":10,"17":10,"18":10,"19":15,"20":3},"f":{"0":15,"1":10,"2":0,"3":0,"4":0,"5":10},"b":{}}
,"C:\\Study\\RS_school_REACT\\React2024Q3\\src\\helpers\\useLocalStorage.ts": {"path":"C:\\Study\\RS_school_REACT\\React2024Q3\\src\\helpers\\useLocalStorage.ts","statementMap":{"0":{"start":{"line":1,"column":0},"end":{"line":1,"column":null}},"1":{"start":{"line":3,"column":24},"end":{"line":23,"column":1}},"2":{"start":{"line":4,"column":39},"end":{"line":12,"column":3}},"3":{"start":{"line":5,"column":2},"end":{"line":11,"column":null}},"4":{"start":{"line":6,"column":16},"end":{"line":6,"column":48}},"5":{"start":{"line":7,"column":3},"end":{"line":7,"column":null}},"6":{"start":{"line":9,"column":3},"end":{"line":9,"column":null}},"7":{"start":{"line":10,"column":3},"end":{"line":10,"column":null}},"8":{"start":{"line":14,"column":1},"end":{"line":20,"column":null}},"9":{"start":{"line":15,"column":2},"end":{"line":19,"column":null}},"10":{"start":{"line":16,"column":3},"end":{"line":16,"column":null}},"11":{"start":{"line":18,"column":3},"end":{"line":18,"column":null}},"12":{"start":{"line":22,"column":1},"end":{"line":22,"column":null}},"13":{"start":{"line":25,"column":0},"end":{"line":25,"column":null}}},"fnMap":{"0":{"name":"(anonymous_0)","decl":{"start":{"line":3,"column":24},"end":{"line":3,"column":25}},"loc":{"start":{"line":3,"column":62},"end":{"line":23,"column":1}}},"1":{"name":"(anonymous_1)","decl":{"start":{"line":4,"column":48},"end":{"line":4,"column":53}},"loc":{"start":{"line":4,"column":53},"end":{"line":12,"column":2}}},"2":{"name":"(anonymous_2)","decl":{"start":{"line":14,"column":11},"end":{"line":14,"column":16}},"loc":{"start":{"line":14,"column":16},"end":{"line":20,"column":2}}}},"branchMap":{"0":{"loc":{"start":{"line":7,"column":10},"end":{"line":7,"column":36}},"type":"cond-expr","locations":[{"start":{"line":7,"column":17},"end":{"line":7,"column":21}},{"start":{"line":7,"column":24},"end":{"line":7,"column":36}}]}},"s":{"0":1,"1":1,"2":7,"3":5,"4":5,"5":5,"6":0,"7":0,"8":7,"9":6,"10":6,"11":0,"12":7,"13":1},"f":{"0":7,"1":5,"2":6},"b":{"0":[3,2]}}
,"C:\\Study\\RS_school_REACT\\React2024Q3\\src\\pages\\404.tsx": {"path":"C:\\Study\\RS_school_REACT\\React2024Q3\\src\\pages\\404.tsx","statementMap":{"0":{"start":{"line":1,"column":0},"end":{"line":1,"column":null}},"1":{"start":{"line":2,"column":0},"end":{"line":2,"column":null}},"2":{"start":{"line":4,"column":18},"end":{"line":16,"column":1}},"3":{"start":{"line":5,"column":19},"end":{"line":5,"column":29}},"4":{"start":{"line":7,"column":1},"end":{"line":14,"column":null}},"5":{"start":{"line":18,"column":0},"end":{"line":18,"column":null}}},"fnMap":{"0":{"name":"(anonymous_1)","decl":{"start":{"line":4,"column":18},"end":{"line":4,"column":23}},"loc":{"start":{"line":4,"column":23},"end":{"line":16,"column":1}}}},"branchMap":{"0":{"loc":{"start":{"line":10,"column":32},"end":{"line":10,"column":88}},"type":"cond-expr","locations":[{"start":{"line":10,"column":52},"end":{"line":10,"column":69}},{"start":{"line":10,"column":72},"end":{"line":10,"column":88}}]}},"s":{"0":1,"1":1,"2":1,"3":1,"4":1,"5":1},"f":{"0":1},"b":{"0":[1,0]}}
,"C:\\Study\\RS_school_REACT\\React2024Q3\\src\\store\\planetDetailsSlice.ts": {"path":"C:\\Study\\RS_school_REACT\\React2024Q3\\src\\store\\planetDetailsSlice.ts","statementMap":{"0":{"start":{"line":1,"column":0},"end":{"line":1,"column":null}},"1":{"start":{"line":8,"column":41},"end":{"line":10,"column":null}},"2":{"start":{"line":12,"column":27},"end":{"line":23,"column":2}},"3":{"start":{"line":17,"column":3},"end":{"line":17,"column":null}},"4":{"start":{"line":20,"column":3},"end":{"line":20,"column":null}},"5":{"start":{"line":25,"column":13},"end":{"line":25,"column":56}},"6":{"start":{"line":26,"column":0},"end":{"line":26,"column":null}}},"fnMap":{"0":{"name":"(anonymous_0)","decl":{"start":{"line":16,"column":20},"end":{"line":16,"column":21}},"loc":{"start":{"line":16,"column":68},"end":{"line":18,"column":3}}},"1":{"name":"(anonymous_1)","decl":{"start":{"line":19,"column":23},"end":{"line":19,"column":28}},"loc":{"start":{"line":19,"column":32},"end":{"line":21,"column":null}}}},"branchMap":{},"s":{"0":3,"1":3,"2":3,"3":0,"4":0,"5":3,"6":3},"f":{"0":0,"1":0},"b":{}}
,"C:\\Study\\RS_school_REACT\\React2024Q3\\src\\store\\resultsSlice.ts": {"path":"C:\\Study\\RS_school_REACT\\React2024Q3\\src\\store\\resultsSlice.ts","statementMap":{"0":{"start":{"line":1,"column":0},"end":{"line":1,"column":null}},"1":{"start":{"line":13,"column":34},"end":{"line":20,"column":null}},"2":{"start":{"line":22,"column":21},"end":{"line":45,"column":2}},"3":{"start":{"line":27,"column":3},"end":{"line":27,"column":null}},"4":{"start":{"line":30,"column":3},"end":{"line":30,"column":null}},"5":{"start":{"line":31,"column":3},"end":{"line":31,"column":null}},"6":{"start":{"line":32,"column":3},"end":{"line":32,"column":null}},"7":{"start":{"line":33,"column":3},"end":{"line":33,"column":null}},"8":{"start":{"line":36,"column":3},"end":{"line":36,"column":null}},"9":{"start":{"line":39,"column":3},"end":{"line":39,"column":null}},"10":{"start":{"line":42,"column":3},"end":{"line":42,"column":null}},"11":{"start":{"line":47,"column":13},"end":{"line":47,"column":null}},"12":{"start":{"line":49,"column":0},"end":{"line":49,"column":null}}},"fnMap":{"0":{"name":"(anonymous_0)","decl":{"start":{"line":26,"column":14},"end":{"line":26,"column":15}},"loc":{"start":{"line":26,"column":56},"end":{"line":28,"column":3}}},"1":{"name":"(anonymous_1)","decl":{"start":{"line":29,"column":23},"end":{"line":29,"column":24}},"loc":{"start":{"line":29,"column":75},"end":{"line":34,"column":3}}},"2":{"name":"(anonymous_2)","decl":{"start":{"line":35,"column":14},"end":{"line":35,"column":15}},"loc":{"start":{"line":35,"column":62},"end":{"line":37,"column":3}}},"3":{"name":"(anonymous_3)","decl":{"start":{"line":38,"column":16},"end":{"line":38,"column":17}},"loc":{"start":{"line":38,"column":57},"end":{"line":40,"column":3}}},"4":{"name":"(anonymous_4)","decl":{"start":{"line":41,"column":21},"end":{"line":41,"column":26}},"loc":{"start":{"line":41,"column":30},"end":{"line":43,"column":null}}}},"branchMap":{},"s":{"0":4,"1":4,"2":4,"3":0,"4":5,"5":5,"6":5,"7":5,"8":4,"9":2,"10":0,"11":4,"12":4},"f":{"0":0,"1":5,"2":4,"3":2,"4":0},"b":{}}
,"C:\\Study\\RS_school_REACT\\React2024Q3\\src\\store\\store.ts": {"path":"C:\\Study\\RS_school_REACT\\React2024Q3\\src\\store\\store.ts","statementMap":{"0":{"start":{"line":1,"column":0},"end":{"line":1,"column":null}},"1":{"start":{"line":2,"column":0},"end":{"line":2,"column":null}},"2":{"start":{"line":3,"column":0},"end":{"line":3,"column":null}},"3":{"start":{"line":4,"column":0},"end":{"line":4,"column":null}},"4":{"start":{"line":6,"column":13},"end":{"line":13,"column":null}},"5":{"start":{"line":12,"column":39},"end":{"line":12,"column":null}},"6":{"start":{"line":18,"column":0},"end":{"line":18,"column":null}}},"fnMap":{"0":{"name":"(anonymous_1)","decl":{"start":{"line":12,"column":14},"end":{"line":12,"column":34}},"loc":{"start":{"line":12,"column":39},"end":{"line":12,"column":null}}}},"branchMap":{},"s":{"0":2,"1":2,"2":2,"3":2,"4":2,"5":2,"6":2},"f":{"0":2},"b":{}}
}
