TN:
SF:src\components\DetailsCard\DetailsCard.tsx
FN:7,(anonymous_0)
FN:9,(anonymous_1)
FN:22,(anonymous_2)
FNF:3
FNH:3
FNDA:4,(anonymous_0)
FNDA:4,(anonymous_1)
FNDA:1,(anonymous_2)
DA:7,4
DA:8,4
DA:9,4
DA:10,4
DA:12,4
DA:13,0
DA:16,4
DA:17,2
DA:20,2
DA:22,1
LF:10
LH:9
BRDA:12,0,0,0
BRDA:12,0,1,4
BRDA:16,1,0,2
BRDA:16,1,1,2
BRDA:23,2,0,2
BRDA:23,2,1,2
BRF:6
BRH:5
end_of_record
TN:
SF:src\components\ErrorBoundary\ErrorBoundary.tsx
FN:12,(anonymous_0)
FN:17,(anonymous_1)
FN:20,(anonymous_2)
FN:26,(anonymous_3)
FN:29,(anonymous_4)
FNF:5
FNH:5
FNDA:6,(anonymous_0)
FNDA:4,(anonymous_1)
FNDA:2,(anonymous_2)
FNDA:1,(anonymous_3)
FNDA:11,(anonymous_4)
DA:13,6
DA:14,5
DA:18,4
DA:21,2
DA:27,1
DA:30,11
DA:31,6
DA:40,5
LF:8
LH:8
BRDA:30,0,0,6
BRDA:30,0,1,5
BRF:2
BRH:2
end_of_record
TN:
SF:src\components\Flyout\Flyout.tsx
FN:9,(anonymous_0)
FN:10,(anonymous_1)
FN:15,(anonymous_2)
FN:16,(anonymous_3)
FN:19,(anonymous_4)
FN:24,(anonymous_5)
FNF:6
FNH:6
FNDA:20,(anonymous_0)
FNDA:27,(anonymous_1)
FNDA:1,(anonymous_2)
FNDA:2,(anonymous_3)
FNDA:12,(anonymous_4)
FNDA:5,(anonymous_5)
DA:9,4
DA:10,27
DA:11,20
DA:12,20
DA:13,20
DA:14,20
DA:15,20
DA:16,2
DA:19,20
DA:20,12
DA:21,5
DA:22,5
DA:24,5
DA:25,5
DA:28,7
DA:32,20
DA:33,10
DA:36,10
LF:18
LH:18
BRDA:20,0,0,5
BRDA:20,0,1,7
BRDA:32,1,0,10
BRDA:32,1,1,10
BRDA:37,2,0,0
BRDA:37,2,1,10
BRDA:42,3,0,10
BRDA:42,3,1,5
BRF:8
BRH:7
end_of_record
TN:
SF:src\components\MainPage\MainPage.tsx
FN:18,(anonymous_0)
FN:25,(anonymous_1)
FN:36,(anonymous_2)
FN:47,(anonymous_3)
FNF:4
FNH:4
FNDA:9,(anonymous_0)
FNDA:8,(anonymous_1)
FNDA:2,(anonymous_2)
FNDA:2,(anonymous_3)
DA:18,3
DA:19,9
DA:20,9
DA:21,9
DA:22,9
DA:23,9
DA:25,9
DA:26,8
DA:27,8
DA:28,0
DA:29,0
DA:31,8
DA:32,8
DA:36,9
DA:37,2
DA:38,0
DA:39,0
DA:43,0
DA:44,0
DA:47,9
DA:48,2
DA:54,9
LF:22
LH:16
BRDA:27,0,0,0
BRDA:27,0,1,8
BRDA:37,1,0,0
BRDA:37,1,1,2
BRDA:50,2,0,2
BRDA:50,2,1,2
BRDA:50,3,0,2
BRDA:50,3,1,2
BRDA:56,4,0,9
BRDA:56,4,1,0
BRDA:58,5,0,0
BRDA:58,5,1,9
BRDA:60,6,0,9
BRDA:60,6,1,0
BRDA:76,7,0,9
BRDA:76,7,1,0
BRDA:76,7,2,0
BRDA:78,8,0,0
BRDA:78,8,1,0
BRF:19
BRH:10
end_of_record
TN:
SF:src\components\Pagination\Pagination.tsx
FN:10,(anonymous_0)
FN:11,(anonymous_1)
FN:13,(anonymous_2)
FN:20,(anonymous_3)
FN:24,(anonymous_4)
FNF:5
FNH:5
FNDA:13,(anonymous_0)
FNDA:25,(anonymous_1)
FNDA:2,(anonymous_2)
FNDA:25,(anonymous_3)
FNDA:2,(anonymous_4)
DA:10,4
DA:11,25
DA:12,13
DA:13,13
DA:14,2
DA:16,13
DA:21,25
DA:24,2
LF:8
LH:8
BRDA:18,0,0,0
BRDA:18,0,1,13
BRDA:23,1,0,13
BRDA:23,1,1,12
BRF:4
BRH:3
end_of_record
TN:
SF:src\components\ResultsBox\ResultsBox.tsx
FN:21,(anonymous_0)
FN:32,(anonymous_1)
FN:37,(anonymous_2)
FN:44,(anonymous_3)
FN:49,(anonymous_4)
FN:57,(anonymous_5)
FN:60,(anonymous_6)
FN:65,(anonymous_7)
FN:68,(anonymous_8)
FN:86,(anonymous_9)
FN:91,(anonymous_10)
FN:96,(anonymous_11)
FN:97,(anonymous_12)
FNF:13
FNH:10
FNDA:13,(anonymous_0)
FNDA:22,(anonymous_1)
FNDA:1,(anonymous_2)
FNDA:8,(anonymous_3)
FNDA:8,(anonymous_4)
FNDA:1,(anonymous_5)
FNDA:2,(anonymous_6)
FNDA:1,(anonymous_7)
FNDA:0,(anonymous_8)
FNDA:18,(anonymous_9)
FNDA:2,(anonymous_10)
FNDA:0,(anonymous_11)
FNDA:0,(anonymous_12)
DA:21,3
DA:28,13
DA:29,13
DA:30,13
DA:31,13
DA:32,22
DA:34,13
DA:35,13
DA:36,13
DA:37,13
DA:38,1
DA:39,1
DA:44,13
DA:45,8
DA:46,7
DA:49,13
DA:50,8
DA:51,0
DA:52,0
DA:53,0
DA:57,13
DA:58,1
DA:60,13
DA:61,2
DA:62,2
DA:65,13
DA:66,1
DA:68,13
DA:69,0
DA:70,0
DA:72,0
DA:76,13
DA:87,18
DA:91,2
DA:96,0
DA:97,0
LF:36
LH:28
BRDA:41,0,0,1
BRDA:41,0,1,0
BRDA:45,1,0,7
BRDA:45,1,1,1
BRDA:50,2,0,0
BRDA:50,2,1,8
BRDA:69,3,0,0
BRDA:69,3,1,0
BRDA:78,4,0,0
BRDA:78,4,1,13
BRDA:83,5,0,3
BRDA:83,5,1,10
BRDA:106,6,0,13
BRDA:106,6,1,10
BRDA:109,7,0,10
BRDA:109,7,1,2
BRDA:111,8,0,10
BRDA:111,8,1,0
BRF:18
BRH:12
end_of_record
TN:
SF:src\components\SearchBox\SearchBox.tsx
FN:10,(anonymous_0)
FN:13,(anonymous_1)
FN:16,(anonymous_2)
FN:19,(anonymous_3)
FNF:4
FNH:4
FNDA:11,(anonymous_0)
FNDA:6,(anonymous_1)
FNDA:2,(anonymous_2)
FNDA:1,(anonymous_3)
DA:10,3
DA:11,11
DA:12,11
DA:13,11
DA:14,6
DA:16,11
DA:17,2
DA:19,11
DA:20,1
DA:21,1
DA:24,11
LF:11
LH:11
BRF:0
BRH:0
end_of_record
TN:
SF:src\components\ThemeToggle\ThemeToggle.tsx
FN:3,(anonymous_0)
FNF:1
FNH:1
FNDA:5,(anonymous_0)
DA:3,3
DA:4,5
DA:6,5
LF:3
LH:3
BRF:0
BRH:0
end_of_record
TN:
SF:src\context\ThemeContext.tsx
FN:14,(anonymous_0)
FN:16,(anonymous_1)
FN:20,(anonymous_2)
FN:24,(anonymous_3)
FN:25,(anonymous_4)
FN:30,(anonymous_5)
FNF:6
FNH:6
FNDA:46,(anonymous_0)
FNDA:41,(anonymous_1)
FNDA:44,(anonymous_2)
FNDA:2,(anonymous_3)
FNDA:2,(anonymous_4)
FNDA:80,(anonymous_5)
DA:12,11
DA:14,11
DA:15,46
DA:16,46
DA:17,41
DA:18,41
DA:20,46
DA:21,44
DA:22,44
DA:24,46
DA:25,2
DA:27,46
DA:30,11
DA:31,80
DA:32,79
DA:33,4
DA:35,75
LF:17
LH:17
BRDA:18,0,0,41
BRDA:18,0,1,11
BRDA:25,1,0,1
BRDA:25,1,1,1
BRDA:32,2,0,4
BRDA:32,2,1,75
BRF:6
BRH:6
end_of_record
TN:
SF:src\helpers\csvHelper.ts
FN:3,(anonymous_0)
FN:16,(anonymous_1)
FN:28,(anonymous_2)
FNF:3
FNH:3
FNDA:3,(anonymous_0)
FNDA:8,(anonymous_1)
FNDA:11,(anonymous_2)
DA:3,4
DA:4,3
DA:16,8
DA:28,11
DA:30,3
DA:31,3
LF:6
LH:6
BRF:0
BRH:0
end_of_record
TN:
SF:src\helpers\test-utils.tsx
FN:16,renderWithProviders
FN:30,(anonymous_1)
FNF:2
FNH:2
FNDA:6,renderWithProviders
FNDA:6,(anonymous_1)
DA:30,6
DA:31,6
DA:34,6
LF:3
LH:3
BRDA:18,0,0,0
BRDA:19,1,0,0
BRDA:20,2,0,6
BRF:3
BRH:1
end_of_record
TN:
SF:src\helpers\useLoadingOnRouteChange.ts
FN:4,(anonymous_0)
FN:8,(anonymous_1)
FN:9,(anonymous_2)
FN:10,(anonymous_3)
FN:11,(anonymous_4)
FN:17,(anonymous_5)
FNF:6
FNH:3
FNDA:17,(anonymous_0)
FNDA:12,(anonymous_1)
FNDA:0,(anonymous_2)
FNDA:0,(anonymous_3)
FNDA:0,(anonymous_4)
FNDA:12,(anonymous_5)
DA:4,5
DA:5,17
DA:6,17
DA:8,17
DA:9,12
DA:10,12
DA:11,12
DA:13,12
DA:14,12
DA:15,12
DA:17,12
DA:18,12
DA:19,12
DA:20,12
DA:24,17
LF:15
LH:15
BRF:0
BRH:0
end_of_record
TN:
SF:src\helpers\useLocalStorage.ts
FN:3,(anonymous_0)
FN:4,(anonymous_1)
FN:14,(anonymous_2)
FNF:3
FNH:3
FNDA:9,(anonymous_0)
FNDA:7,(anonymous_1)
FNDA:8,(anonymous_2)
DA:3,3
DA:4,9
DA:5,7
DA:6,7
DA:7,7
DA:9,0
DA:10,0
DA:14,9
DA:15,8
DA:16,8
DA:18,0
DA:22,9
LF:12
LH:9
BRDA:7,0,0,3
BRDA:7,0,1,4
BRF:2
BRH:2
end_of_record
TN:
SF:src\pages\404.tsx
FN:4,(anonymous_0)
FNF:1
FNH:1
FNDA:1,(anonymous_0)
DA:4,1
DA:5,1
DA:7,1
LF:3
LH:3
BRDA:10,0,0,1
BRDA:10,0,1,0
BRF:2
BRH:1
end_of_record
TN:
SF:src\pages\_app.tsx
FN:7,(anonymous_0)
FNF:1
FNH:1
FNDA:3,(anonymous_0)
DA:7,1
DA:8,3
LF:2
LH:2
BRF:0
BRH:0
end_of_record
TN:
SF:src\pages\index.tsx
FN:13,(anonymous_0)
FN:17,(anonymous_1)
FN:22,(anonymous_2)
FN:38,(anonymous_3)
FN:42,(anonymous_4)
FNF:5
FNH:4
FNDA:2,(anonymous_0)
FNDA:2,(anonymous_1)
FNDA:0,(anonymous_2)
FNDA:1,(anonymous_3)
FNDA:1,(anonymous_4)
DA:13,1
DA:14,2
DA:15,2
DA:17,2
DA:18,2
DA:19,2
DA:22,2
DA:23,0
DA:29,2
DA:38,1
DA:39,1
DA:40,1
DA:41,1
DA:42,1
DA:43,1
DA:57,1
DA:63,1
LF:17
LH:16
BRDA:18,0,0,2
BRDA:18,0,1,0
BRDA:25,1,0,0
BRDA:25,1,1,0
BRDA:39,2,0,0
BRDA:39,3,0,0
BRDA:66,4,0,1
BRDA:66,4,1,0
BRF:8
BRH:2
end_of_record
TN:
SF:src\pages\details\[id].tsx
FN:12,(anonymous_0)
FN:29,(anonymous_1)
FN:32,(anonymous_2)
FNF:3
FNH:1
FNDA:2,(anonymous_0)
FNDA:0,(anonymous_1)
FNDA:0,(anonymous_2)
DA:12,1
DA:13,2
DA:14,2
DA:15,2
DA:16,1
DA:17,1
DA:23,1
DA:29,1
DA:30,0
DA:32,0
DA:33,0
DA:34,0
DA:38,0
LF:13
LH:8
BRDA:33,0,0,0
BRDA:33,0,1,0
BRF:2
BRH:0
end_of_record
TN:
SF:src\services\api.ts
FNF:0
FNH:0
LF:0
LH:0
BRF:0
BRH:0
end_of_record
TN:
SF:src\store\planetDetailsSlice.ts
FN:16,(anonymous_0)
FN:19,(anonymous_1)
FNF:2
FNH:0
FNDA:0,(anonymous_0)
FNDA:0,(anonymous_1)
DA:8,5
DA:12,5
DA:17,0
DA:20,0
DA:25,5
LF:5
LH:3
BRF:0
BRH:0
end_of_record
TN:
SF:src\store\resultsSlice.ts
FN:26,(anonymous_0)
FN:29,(anonymous_1)
FN:35,(anonymous_2)
FN:38,(anonymous_3)
FN:41,(anonymous_4)
FNF:5
FNH:3
FNDA:0,(anonymous_0)
FNDA:5,(anonymous_1)
FNDA:4,(anonymous_2)
FNDA:2,(anonymous_3)
FNDA:0,(anonymous_4)
DA:13,6
DA:22,6
DA:27,0
DA:30,5
DA:31,5
DA:32,5
DA:33,5
DA:36,4
DA:39,2
DA:42,0
DA:48,6
LF:11
LH:9
BRF:0
BRH:0
end_of_record
TN:
SF:src\store\store.ts
FN:12,(anonymous_0)
FNF:1
FNH:1
FNDA:3,(anonymous_0)
DA:6,3
DA:12,3
LF:2
LH:2
BRF:0
BRH:0
end_of_record
TN:
SF:src\types\types.ts
FNF:0
FNH:0
LF:0
LH:0
BRF:0
BRH:0
end_of_record
