TN:
SF:src\App.tsx
FN:6,(anonymous_1)
FNF:1
FNH:1
FNDA:3,(anonymous_1)
DA:2,1
DA:3,1
DA:4,1
DA:6,1
DA:7,3
DA:13,1
LF:6
LH:6
BRF:0
BRH:0
end_of_record
TN:
SF:src\components\DetailsCard\DetailsCard.tsx
FN:10,(anonymous_0)
FNF:1
FNH:1
FNDA:4,(anonymous_0)
DA:2,1
DA:3,1
DA:4,1
DA:10,1
DA:11,4
DA:12,4
DA:13,4
DA:15,4
DA:16,1
DA:18,3
DA:19,1
DA:22,2
DA:56,1
LF:13
LH:13
BRDA:15,0,0,1
BRDA:18,1,0,1
BRDA:18,2,0,3
BRDA:18,2,1,2
BRF:4
BRH:4
end_of_record
TN:
SF:src\components\ErrorBoundary\ErrorBoundary.tsx
FN:12,(anonymous_1)
FN:17,(anonymous_2)
FN:20,(anonymous_3)
FN:26,(anonymous_4)
FN:29,(anonymous_5)
FNF:5
FNH:5
FNDA:9,(anonymous_1)
FNDA:8,(anonymous_2)
FNDA:4,(anonymous_3)
FNDA:1,(anonymous_4)
FNDA:16,(anonymous_5)
DA:1,2
DA:2,2
DA:13,9
DA:14,7
DA:18,8
DA:21,4
DA:27,1
DA:30,16
DA:31,9
DA:40,7
DA:43,2
LF:11
LH:11
BRDA:30,0,0,9
BRF:1
BRH:1
end_of_record
TN:
SF:src\components\Flyout\Flyout.tsx
FN:8,(anonymous_0)
FN:9,(anonymous_1)
FN:14,(anonymous_2)
FN:15,(anonymous_3)
FN:18,(anonymous_4)
FN:23,(anonymous_5)
FNF:6
FNH:6
FNDA:21,(anonymous_0)
FNDA:25,(anonymous_1)
FNDA:1,(anonymous_2)
FNDA:2,(anonymous_3)
FNDA:8,(anonymous_4)
FNDA:3,(anonymous_5)
DA:1,3
DA:2,3
DA:4,3
DA:5,3
DA:6,3
DA:8,3
DA:9,25
DA:10,16
DA:11,16
DA:12,16
DA:14,16
DA:15,2
DA:18,16
DA:19,8
DA:20,3
DA:21,3
DA:23,3
DA:24,3
DA:27,5
DA:31,16
DA:32,10
DA:35,6
DA:48,3
LF:23
LH:23
BRDA:19,0,0,3
BRDA:19,0,1,5
BRDA:31,1,0,10
BRDA:39,2,0,6
BRDA:39,2,1,3
BRF:5
BRH:5
end_of_record
TN:
SF:src\components\Pagination\Pagination.tsx
FN:9,(anonymous_0)
FN:10,(anonymous_1)
FN:11,(anonymous_2)
FN:16,(anonymous_3)
FN:20,(anonymous_4)
FNF:5
FNH:5
FNDA:5,(anonymous_0)
FNDA:17,(anonymous_1)
FNDA:1,(anonymous_2)
FNDA:17,(anonymous_3)
FNDA:1,(anonymous_4)
DA:2,4
DA:9,4
DA:10,17
DA:11,5
DA:12,1
DA:14,5
DA:17,17
DA:20,1
DA:29,4
LF:9
LH:9
BRDA:19,0,0,5
BRDA:19,0,1,12
BRF:2
BRH:2
end_of_record
TN:
SF:src\components\ResultsBox\ResultsBox.tsx
FN:22,(anonymous_1)
FN:27,(anonymous_2)
FN:32,(anonymous_3)
FN:40,(anonymous_4)
FN:46,(anonymous_5)
FN:52,(anonymous_6)
FN:55,(anonymous_7)
FN:60,(anonymous_8)
FN:63,(anonymous_9)
FN:83,(anonymous_10)
FN:88,(anonymous_11)
FN:93,(anonymous_12)
FN:94,(anonymous_13)
FNF:13
FNH:5
FNDA:10,(anonymous_1)
FNDA:12,(anonymous_2)
FNDA:4,(anonymous_3)
FNDA:4,(anonymous_4)
FNDA:0,(anonymous_5)
FNDA:0,(anonymous_6)
FNDA:0,(anonymous_7)
FNDA:0,(anonymous_8)
FNDA:0,(anonymous_9)
FNDA:4,(anonymous_10)
FNDA:0,(anonymous_11)
FNDA:0,(anonymous_12)
FNDA:0,(anonymous_13)
DA:1,3
DA:2,3
DA:3,3
DA:4,3
DA:5,3
DA:6,3
DA:13,3
DA:22,3
DA:23,10
DA:24,10
DA:25,10
DA:26,6
DA:27,12
DA:29,6
DA:30,6
DA:32,6
DA:33,4
DA:34,0
DA:35,0
DA:36,0
DA:40,6
DA:41,4
DA:42,4
DA:43,2
DA:46,6
DA:47,0
DA:48,0
DA:49,0
DA:52,6
DA:53,0
DA:55,6
DA:56,0
DA:57,0
DA:60,6
DA:61,0
DA:63,6
DA:64,0
DA:65,0
DA:67,0
DA:70,6
DA:71,1
DA:73,5
DA:74,1
DA:77,4
DA:84,4
DA:88,0
DA:93,0
DA:94,0
DA:116,3
LF:49
LH:33
BRDA:24,0,0,0
BRDA:24,0,1,10
BRDA:33,1,0,0
BRDA:42,2,0,2
BRDA:42,3,0,4
BRDA:42,3,1,3
BRDA:64,4,0,0
BRDA:64,4,1,0
BRDA:70,5,0,1
BRDA:73,6,0,1
BRDA:80,7,0,2
BRDA:80,7,1,2
BRDA:80,8,0,4
BRDA:80,8,1,2
BRDA:103,9,0,4
BRDA:103,9,1,2
BRDA:108,10,0,2
BRDA:108,10,1,0
BRF:18
BRH:13
end_of_record
TN:
SF:src\components\SearchBox\SearchBox.tsx
FN:9,(anonymous_0)
FN:11,(anonymous_1)
FN:14,(anonymous_2)
FN:17,(anonymous_3)
FNF:4
FNH:4
FNDA:11,(anonymous_0)
FNDA:4,(anonymous_1)
FNDA:2,(anonymous_2)
FNDA:1,(anonymous_3)
DA:1,3
DA:2,3
DA:9,3
DA:10,11
DA:11,11
DA:12,4
DA:14,11
DA:15,2
DA:17,11
DA:18,1
DA:19,1
DA:22,11
DA:39,3
LF:13
LH:13
BRF:0
BRH:0
end_of_record
TN:
SF:src\constants\appConstants.ts
FNF:0
FNH:0
DA:1,5
LF:1
LH:1
BRF:0
BRH:0
end_of_record
TN:
SF:src\helpers\csvHelper.ts
FN:3,(anonymous_0)
FN:16,(anonymous_1)
FN:28,(anonymous_2)
FNF:3
FNH:3
FNDA:1,(anonymous_0)
FNDA:2,(anonymous_1)
FNDA:3,(anonymous_2)
DA:3,3
DA:4,1
DA:16,2
DA:28,3
DA:30,1
DA:31,1
LF:6
LH:6
BRF:0
BRH:0
end_of_record
TN:
SF:src\helpers\test-utils.tsx
FN:15,renderWithProviders
FN:30,(anonymous_2)
FNF:2
FNH:2
FNDA:4,renderWithProviders
FNDA:4,(anonymous_2)
DA:2,1
DA:4,1
DA:5,1
DA:6,1
DA:15,1
DA:30,4
DA:31,4
DA:34,4
LF:8
LH:8
BRDA:17,0,0,0
BRDA:18,1,0,0
BRDA:19,2,0,4
BRF:3
BRH:1
end_of_record
TN:
SF:src\helpers\useLocalStorage.ts
FN:3,(anonymous_0)
FN:4,(anonymous_1)
FN:14,(anonymous_2)
FNF:3
FNH:3
FNDA:10,(anonymous_0)
FNDA:5,(anonymous_1)
FNDA:4,(anonymous_2)
DA:1,2
DA:3,2
DA:4,10
DA:5,5
DA:6,5
DA:7,5
DA:9,0
DA:10,0
DA:14,9
DA:15,4
DA:16,4
DA:18,0
DA:22,9
DA:25,2
LF:14
LH:11
BRDA:7,0,0,1
BRDA:7,0,1,4
BRF:2
BRH:2
end_of_record
TN:
SF:src\pages\MainPage\MainPage.tsx
FN:9,(anonymous_1)
FN:15,(anonymous_2)
FN:18,(anonymous_3)
FN:27,(anonymous_4)
FNF:4
FNH:4
FNDA:10,(anonymous_1)
FNDA:4,(anonymous_2)
FNDA:1,(anonymous_3)
FNDA:1,(anonymous_4)
DA:1,2
DA:2,2
DA:3,2
DA:4,2
DA:5,2
DA:6,2
DA:7,2
DA:9,2
DA:10,10
DA:11,9
DA:12,9
DA:13,9
DA:15,9
DA:16,4
DA:18,9
DA:19,1
DA:20,1
DA:21,1
DA:22,1
DA:27,9
DA:28,1
DA:34,1
DA:35,1
DA:39,9
DA:62,2
LF:25
LH:25
BRDA:23,0,0,1
BRDA:23,0,1,1
BRDA:23,1,0,1
BRDA:23,1,1,1
BRDA:31,2,0,1
BRDA:31,2,1,1
BRDA:36,3,0,1
BRDA:36,3,1,1
BRDA:36,4,0,1
BRDA:36,4,1,1
BRDA:41,5,0,0
BRDA:41,5,1,9
BRDA:53,6,0,9
BRDA:53,6,1,0
BRF:14
BRH:12
end_of_record
TN:
SF:src\store\apiSlice.ts
FN:17,(anonymous_0)
FN:19,(anonymous_1)
FN:20,(anonymous_2)
FN:21,(anonymous_3)
FN:43,(anonymous_4)
FNF:5
FNH:1
FNDA:5,(anonymous_0)
FNDA:0,(anonymous_1)
FNDA:0,(anonymous_2)
FNDA:0,(anonymous_3)
FNDA:0,(anonymous_4)
DA:1,5
DA:2,5
DA:14,5
DA:17,5
DA:19,0
DA:21,0
DA:34,0
DA:43,0
DA:48,5
LF:9
LH:5
BRF:0
BRH:0
end_of_record
TN:
SF:src\store\resultsSlice.ts
FN:26,(anonymous_0)
FN:29,(anonymous_1)
FN:35,(anonymous_2)
FN:38,(anonymous_3)
FN:41,(anonymous_4)
FNF:5
FNH:4
FNDA:4,(anonymous_0)
FNDA:2,(anonymous_1)
FNDA:4,(anonymous_2)
FNDA:2,(anonymous_3)
FNDA:0,(anonymous_4)
DA:1,5
DA:13,5
DA:22,5
DA:27,4
DA:30,2
DA:31,2
DA:32,2
DA:33,2
DA:36,4
DA:39,2
DA:42,0
DA:47,5
DA:49,5
LF:13
LH:12
BRF:0
BRH:0
end_of_record
TN:
SF:src\store\store.ts
FN:10,(anonymous_1)
FNF:1
FNH:1
FNDA:1,(anonymous_1)
DA:1,1
DA:2,1
DA:3,1
DA:5,1
DA:10,1
DA:22,1
LF:6
LH:6
BRF:0
BRH:0
end_of_record
